Godot Engine v3.4.2.stable.official.45eaa2daf - https://godotengine.org
OpenGL ES 3.0 Renderer: NVIDIA GeForce GTX 1050/PCIe/SSE2
OpenGL ES Batching: ON
 
label1
my pos is(0, 0)
my pos is(0, 0)
my pos is(0, 0)
my pos is(0, 0)
started
send start
finished
send shoot
start shoot
24
hit called
1128.460236
1068.955048
837.662231
moving
end pos(0, -50)
started
send start
finished
send shoot
start shoot
51
hit called
2364.328308
2304.823181
1726.714233
moving
end pos(0, -50)
started
send start
finished
send shoot
start shoot
39
started
send start
finished
send shoot
start shoot
30
started
send start
finished
send shoot
start shoot
45
hit called
4617.188477
4557.68335
3443.571289
moving
end pos(0, -50)
started
send start
finished
send shoot
start shoot
54
started
send start
finished
send shoot
start shoot
57
hit called
6263.428101
6203.922729
4670.76123
moving
end pos(0, -50)
I've been hit
(900, -900)
I've been hit
(900, -900)
I've been hit
(900, -900)
I've been hit
(-900, -900)
I've been hit
(900, -900)
