Godot Engine v3.4.2.stable.official.45eaa2daf - https://godotengine.org
OpenGL ES 3.0 Renderer: NVIDIA GeForce GTX 1050/PCIe/SSE2
OpenGL ES Batching: ON
 
label4
Create butt
passed :1
(561.567993, 373.233002)
[4]
[3]
game has ended, for all
Player 1848703845 has connected
passed :1
passed :1848703845
(561.567993, 373.233002)
[4, 4]
[1, 4]
ERROR: (Node not found: "CommonPool/1848703845/@KinematicArrow2D@17" (relative to "/root").)
   at: get_node (scene/main/node.cpp:1325) - Condition "!node" is true. Returned: nullptr
ERROR: Failed to get path from RPC: CommonPool/1848703845/@KinematicArrow2D@17.
   at: _process_get_node (core/io/multiplayer_api.cpp:251) - Failed to get path from RPC: CommonPool/1848703845/@KinematicArrow2D@17.
ERROR: Invalid packet received. Requested node was not found.
   at: _process_packet (core/io/multiplayer_api.cpp:203) - Condition "node == nullptr" is true.
ERROR: (Node not found: "CommonPool/1848703845/@KinematicArrow2D@17" (relative to "/root").)
   at: get_node (scene/main/node.cpp:1325) - Condition "!node" is true. Returned: nullptr
ERROR: Failed to get cached path from RPC: CommonPool/1848703845/@KinematicArrow2D@17.
   at: _process_get_node (core/io/multiplayer_api.cpp:267) - Failed to get cached path from RPC: CommonPool/1848703845/@KinematicArrow2D@17.
ERROR: Invalid packet received. Requested node was not found.
   at: _process_packet (core/io/multiplayer_api.cpp:203) - Condition "node == nullptr" is true.
ERROR: (Node not found: "CommonPool/1848703845/@KinematicArrow2D@17" (relative to "/root").)
   at: get_node (scene/main/node.cpp:1325) - Condition "!node" is true. Returned: nullptr
ERROR: Failed to get cached path from RPC: CommonPool/1848703845/@KinematicArrow2D@17.
   at: _process_get_node (core/io/multiplayer_api.cpp:267) - Failed to get cached path from RPC: CommonPool/1848703845/@KinematicArrow2D@17.
ERROR: Invalid packet received. Requested node was not found.
   at: _process_packet (core/io/multiplayer_api.cpp:203) - Condition "node == nullptr" is true.
ERROR: (Node not found: "CommonPool/1848703845/@KinematicArrow2D@26" (relative to "/root").)
   at: get_node (scene/main/node.cpp:1325) - Condition "!node" is true. Returned: nullptr
ERROR: Failed to get path from RPC: CommonPool/1848703845/@KinematicArrow2D@26.
   at: _process_get_node (core/io/multiplayer_api.cpp:251) - Failed to get path from RPC: CommonPool/1848703845/@KinematicArrow2D@26.
ERROR: Invalid packet received. Requested node was not found.
   at: _process_packet (core/io/multiplayer_api.cpp:203) - Condition "node == nullptr" is true.
ERROR: (Node not found: "CommonPool/1848703845/@KinematicArrow2D@26" (relative to "/root").)
   at: get_node (scene/main/node.cpp:1325) - Condition "!node" is true. Returned: nullptr
ERROR: Failed to get cached path from RPC: CommonPool/1848703845/@KinematicArrow2D@26.
   at: _process_get_node (core/io/multiplayer_api.cpp:267) - Failed to get cached path from RPC: CommonPool/1848703845/@KinematicArrow2D@26.
ERROR: Invalid packet received. Requested node was not found.
   at: _process_packet (core/io/multiplayer_api.cpp:203) - Condition "node == nullptr" is true.
ERROR: (Node not found: "CommonPool/1848703845/@KinematicArrow2D@26" (relative to "/root").)
   at: get_node (scene/main/node.cpp:1325) - Condition "!node" is true. Returned: nullptr
ERROR: Failed to get cached path from RPC: CommonPool/1848703845/@KinematicArrow2D@26.
   at: _process_get_node (core/io/multiplayer_api.cpp:267) - Failed to get cached path from RPC: CommonPool/1848703845/@KinematicArrow2D@26.
ERROR: Invalid packet received. Requested node was not found.
   at: _process_packet (core/io/multiplayer_api.cpp:203) - Condition "node == nullptr" is true.
ERROR: (Node not found: "CommonPool/1848703845/@KinematicArrow2D@29" (relative to "/root").)
   at: get_node (scene/main/node.cpp:1325) - Condition "!node" is true. Returned: nullptr
ERROR: Failed to get path from RPC: CommonPool/1848703845/@KinematicArrow2D@29.
   at: _process_get_node (core/io/multiplayer_api.cpp:251) - Failed to get path from RPC: CommonPool/1848703845/@KinematicArrow2D@29.
ERROR: Invalid packet received. Requested node was not found.
   at: _process_packet (core/io/multiplayer_api.cpp:203) - Condition "node == nullptr" is true.
ERROR: (Node not found: "CommonPool/1848703845/@KinematicArrow2D@29" (relative to "/root").)
   at: get_node (scene/main/node.cpp:1325) - Condition "!node" is true. Returned: nullptr
ERROR: Failed to get cached path from RPC: CommonPool/1848703845/@KinematicArrow2D@29.
   at: _process_get_node (core/io/multiplayer_api.cpp:267) - Failed to get cached path from RPC: CommonPool/1848703845/@KinematicArrow2D@29.
ERROR: Invalid packet received. Requested node was not found.
   at: _process_packet (core/io/multiplayer_api.cpp:203) - Condition "node == nullptr" is true.
ERROR: (Node not found: "CommonPool/1848703845/@KinematicArrow2D@29" (relative to "/root").)
   at: get_node (scene/main/node.cpp:1325) - Condition "!node" is true. Returned: nullptr
ERROR: Failed to get cached path from RPC: CommonPool/1848703845/@KinematicArrow2D@29.
   at: _process_get_node (core/io/multiplayer_api.cpp:267) - Failed to get cached path from RPC: CommonPool/1848703845/@KinematicArrow2D@29.
ERROR: Invalid packet received. Requested node was not found.
   at: _process_packet (core/io/multiplayer_api.cpp:203) - Condition "node == nullptr" is true.
ERROR: (Node not found: "CommonPool/1848703845/@KinematicArrow2D@34" (relative to "/root").)
   at: get_node (scene/main/node.cpp:1325) - Condition "!node" is true. Returned: nullptr
ERROR: Failed to get path from RPC: CommonPool/1848703845/@KinematicArrow2D@34.
   at: _process_get_node (core/io/multiplayer_api.cpp:251) - Failed to get path from RPC: CommonPool/1848703845/@KinematicArrow2D@34.
ERROR: Invalid packet received. Requested node was not found.
   at: _process_packet (core/io/multiplayer_api.cpp:203) - Condition "node == nullptr" is true.
ERROR: (Node not found: "CommonPool/1848703845/@KinematicArrow2D@34" (relative to "/root").)
   at: get_node (scene/main/node.cpp:1325) - Condition "!node" is true. Returned: nullptr
ERROR: Failed to get cached path from RPC: CommonPool/1848703845/@KinematicArrow2D@34.
   at: _process_get_node (core/io/multiplayer_api.cpp:267) - Failed to get cached path from RPC: CommonPool/1848703845/@KinematicArrow2D@34.
ERROR: Invalid packet received. Requested node was not found.
   at: _process_packet (core/io/multiplayer_api.cpp:203) - Condition "node == nullptr" is true.
ERROR: (Node not found: "CommonPool/1848703845/@KinematicArrow2D@34" (relative to "/root").)
   at: get_node (scene/main/node.cpp:1325) - Condition "!node" is true. Returned: nullptr
ERROR: Failed to get cached path from RPC: CommonPool/1848703845/@KinematicArrow2D@34.
   at: _process_get_node (core/io/multiplayer_api.cpp:267) - Failed to get cached path from RPC: CommonPool/1848703845/@KinematicArrow2D@34.
ERROR: Invalid packet received. Requested node was not found.
   at: _process_packet (core/io/multiplayer_api.cpp:203) - Condition "node == nullptr" is true.
ERROR: (Node not found: "CommonPool/1848703845/@KinematicArrow2D@46" (relative to "/root").)
   at: get_node (scene/main/node.cpp:1325) - Condition "!node" is true. Returned: nullptr
ERROR: Failed to get path from RPC: CommonPool/1848703845/@KinematicArrow2D@46.
   at: _process_get_node (core/io/multiplayer_api.cpp:251) - Failed to get path from RPC: CommonPool/1848703845/@KinematicArrow2D@46.
ERROR: Invalid packet received. Requested node was not found.
   at: _process_packet (core/io/multiplayer_api.cpp:203) - Condition "node == nullptr" is true.
ERROR: (Node not found: "CommonPool/1848703845/@KinematicArrow2D@46" (relative to "/root").)
   at: get_node (scene/main/node.cpp:1325) - Condition "!node" is true. Returned: nullptr
ERROR: Failed to get cached path from RPC: CommonPool/1848703845/@KinematicArrow2D@46.
   at: _process_get_node (core/io/multiplayer_api.cpp:267) - Failed to get cached path from RPC: CommonPool/1848703845/@KinematicArrow2D@46.
ERROR: Invalid packet received. Requested node was not found.
   at: _process_packet (core/io/multiplayer_api.cpp:203) - Condition "node == nullptr" is true.
ERROR: (Node not found: "CommonPool/1848703845/@KinematicArrow2D@46" (relative to "/root").)
   at: get_node (scene/main/node.cpp:1325) - Condition "!node" is true. Returned: nullptr
ERROR: Failed to get cached path from RPC: CommonPool/1848703845/@KinematicArrow2D@46.
   at: _process_get_node (core/io/multiplayer_api.cpp:267) - Failed to get cached path from RPC: CommonPool/1848703845/@KinematicArrow2D@46.
ERROR: Invalid packet received. Requested node was not found.
   at: _process_packet (core/io/multiplayer_api.cpp:203) - Condition "node == nullptr" is true.
ERROR: (Node not found: "CommonPool/1848703845/@KinematicArrow2D@56" (relative to "/root").)
   at: get_node (scene/main/node.cpp:1325) - Condition "!node" is true. Returned: nullptr
ERROR: Failed to get path from RPC: CommonPool/1848703845/@KinematicArrow2D@56.
   at: _process_get_node (core/io/multiplayer_api.cpp:251) - Failed to get path from RPC: CommonPool/1848703845/@KinematicArrow2D@56.
ERROR: Invalid packet received. Requested node was not found.
   at: _process_packet (core/io/multiplayer_api.cpp:203) - Condition "node == nullptr" is true.
ERROR: (Node not found: "CommonPool/1848703845/@KinematicArrow2D@56" (relative to "/root").)
   at: get_node (scene/main/node.cpp:1325) - Condition "!node" is true. Returned: nullptr
ERROR: Failed to get cached path from RPC: CommonPool/1848703845/@KinematicArrow2D@56.
   at: _process_get_node (core/io/multiplayer_api.cpp:267) - Failed to get cached path from RPC: CommonPool/1848703845/@KinematicArrow2D@56.
ERROR: Invalid packet received. Requested node was not found.
   at: _process_packet (core/io/multiplayer_api.cpp:203) - Condition "node == nullptr" is true.
ERROR: (Node not found: "CommonPool/1848703845/@KinematicArrow2D@56" (relative to "/root").)
   at: get_node (scene/main/node.cpp:1325) - Condition "!node" is true. Returned: nullptr
ERROR: Failed to get cached path from RPC: CommonPool/1848703845/@KinematicArrow2D@56.
   at: _process_get_node (core/io/multiplayer_api.cpp:267) - Failed to get cached path from RPC: CommonPool/1848703845/@KinematicArrow2D@56.
ERROR: Invalid packet received. Requested node was not found.
   at: _process_packet (core/io/multiplayer_api.cpp:203) - Condition "node == nullptr" is true.
ERROR: (Node not found: "CommonPool/1848703845/@KinematicArrow2D@62" (relative to "/root").)
   at: get_node (scene/main/node.cpp:1325) - Condition "!node" is true. Returned: nullptr
ERROR: Failed to get path from RPC: CommonPool/1848703845/@KinematicArrow2D@62.
   at: _process_get_node (core/io/multiplayer_api.cpp:251) - Failed to get path from RPC: CommonPool/1848703845/@KinematicArrow2D@62.
ERROR: Invalid packet received. Requested node was not found.
   at: _process_packet (core/io/multiplayer_api.cpp:203) - Condition "node == nullptr" is true.
ERROR: (Node not found: "CommonPool/1848703845/@KinematicArrow2D@62" (relative to "/root").)
   at: get_node (scene/main/node.cpp:1325) - Condition "!node" is true. Returned: nullptr
ERROR: Failed to get cached path from RPC: CommonPool/1848703845/@KinematicArrow2D@62.
   at: _process_get_node (core/io/multiplayer_api.cpp:267) - Failed to get cached path from RPC: CommonPool/1848703845/@KinematicArrow2D@62.
ERROR: Invalid packet received. Requested node was not found.
   at: _process_packet (core/io/multiplayer_api.cpp:203) - Condition "node == nullptr" is true.
ERROR: (Node not found: "CommonPool/1848703845/@KinematicArrow2D@62" (relative to "/root").)
   at: get_node (scene/main/node.cpp:1325) - Condition "!node" is true. Returned: nullptr
ERROR: Failed to get cached path from RPC: CommonPool/1848703845/@KinematicArrow2D@62.
   at: _process_get_node (core/io/multiplayer_api.cpp:267) - Failed to get cached path from RPC: CommonPool/1848703845/@KinematicArrow2D@62.
ERROR: Invalid packet received. Requested node was not found.
   at: _process_packet (core/io/multiplayer_api.cpp:203) - Condition "node == nullptr" is true.
ERROR: (Node not found: "CommonPool/1848703845/@KinematicArrow2D@72" (relative to "/root").)
   at: get_node (scene/main/node.cpp:1325) - Condition "!node" is true. Returned: nullptr
ERROR: Failed to get path from RPC: CommonPool/1848703845/@KinematicArrow2D@72.
   at: _process_get_node (core/io/multiplayer_api.cpp:251) - Failed to get path from RPC: CommonPool/1848703845/@KinematicArrow2D@72.
ERROR: Invalid packet received. Requested node was not found.
   at: _process_packet (core/io/multiplayer_api.cpp:203) - Condition "node == nullptr" is true.
ERROR: (Node not found: "CommonPool/1848703845/@KinematicArrow2D@72" (relative to "/root").)
   at: get_node (scene/main/node.cpp:1325) - Condition "!node" is true. Returned: nullptr
ERROR: Failed to get cached path from RPC: CommonPool/1848703845/@KinematicArrow2D@72.
   at: _process_get_node (core/io/multiplayer_api.cpp:267) - Failed to get cached path from RPC: CommonPool/1848703845/@KinematicArrow2D@72.
ERROR: Invalid packet received. Requested node was not found.
   at: _process_packet (core/io/multiplayer_api.cpp:203) - Condition "node == nullptr" is true.
ERROR: (Node not found: "CommonPool/1848703845/@KinematicArrow2D@72" (relative to "/root").)
   at: get_node (scene/main/node.cpp:1325) - Condition "!node" is true. Returned: nullptr
ERROR: Failed to get cached path from RPC: CommonPool/1848703845/@KinematicArrow2D@72.
   at: _process_get_node (core/io/multiplayer_api.cpp:267) - Failed to get cached path from RPC: CommonPool/1848703845/@KinematicArrow2D@72.
ERROR: Invalid packet received. Requested node was not found.
   at: _process_packet (core/io/multiplayer_api.cpp:203) - Condition "node == nullptr" is true.
ERROR: (Node not found: "CommonPool/1848703845/@KinematicArrow2D@80" (relative to "/root").)
   at: get_node (scene/main/node.cpp:1325) - Condition "!node" is true. Returned: nullptr
ERROR: Failed to get path from RPC: CommonPool/1848703845/@KinematicArrow2D@80.
   at: _process_get_node (core/io/multiplayer_api.cpp:251) - Failed to get path from RPC: CommonPool/1848703845/@KinematicArrow2D@80.
ERROR: Invalid packet received. Requested node was not found.
   at: _process_packet (core/io/multiplayer_api.cpp:203) - Condition "node == nullptr" is true.
ERROR: (Node not found: "CommonPool/1848703845/@KinematicArrow2D@80" (relative to "/root").)
   at: get_node (scene/main/node.cpp:1325) - Condition "!node" is true. Returned: nullptr
ERROR: Failed to get cached path from RPC: CommonPool/1848703845/@KinematicArrow2D@80.
   at: _process_get_node (core/io/multiplayer_api.cpp:267) - Failed to get cached path from RPC: CommonPool/1848703845/@KinematicArrow2D@80.
ERROR: Invalid packet received. Requested node was not found.
   at: _process_packet (core/io/multiplayer_api.cpp:203) - Condition "node == nullptr" is true.
ERROR: (Node not found: "CommonPool/1848703845/@KinematicArrow2D@80" (relative to "/root").)
   at: get_node (scene/main/node.cpp:1325) - Condition "!node" is true. Returned: nullptr
ERROR: Failed to get cached path from RPC: CommonPool/1848703845/@KinematicArrow2D@80.
   at: _process_get_node (core/io/multiplayer_api.cpp:267) - Failed to get cached path from RPC: CommonPool/1848703845/@KinematicArrow2D@80.
ERROR: Invalid packet received. Requested node was not found.
   at: _process_packet (core/io/multiplayer_api.cpp:203) - Condition "node == nullptr" is true.
ERROR: (Node not found: "CommonPool/1848703845/@KinematicArrow2D@84" (relative to "/root").)
   at: get_node (scene/main/node.cpp:1325) - Condition "!node" is true. Returned: nullptr
ERROR: Failed to get path from RPC: CommonPool/1848703845/@KinematicArrow2D@84.
   at: _process_get_node (core/io/multiplayer_api.cpp:251) - Failed to get path from RPC: CommonPool/1848703845/@KinematicArrow2D@84.
ERROR: Invalid packet received. Requested node was not found.
   at: _process_packet (core/io/multiplayer_api.cpp:203) - Condition "node == nullptr" is true.
ERROR: (Node not found: "CommonPool/1848703845/@KinematicArrow2D@84" (relative to "/root").)
   at: get_node (scene/main/node.cpp:1325) - Condition "!node" is true. Returned: nullptr
ERROR: Failed to get cached path from RPC: CommonPool/1848703845/@KinematicArrow2D@84.
   at: _process_get_node (core/io/multiplayer_api.cpp:267) - Failed to get cached path from RPC: CommonPool/1848703845/@KinematicArrow2D@84.
ERROR: Invalid packet received. Requested node was not found.
   at: _process_packet (core/io/multiplayer_api.cpp:203) - Condition "node == nullptr" is true.
ERROR: (Node not found: "CommonPool/1848703845/@KinematicArrow2D@84" (relative to "/root").)
   at: get_node (scene/main/node.cpp:1325) - Condition "!node" is true. Returned: nullptr
ERROR: Failed to get cached path from RPC: CommonPool/1848703845/@KinematicArrow2D@84.
   at: _process_get_node (core/io/multiplayer_api.cpp:267) - Failed to get cached path from RPC: CommonPool/1848703845/@KinematicArrow2D@84.
ERROR: Invalid packet received. Requested node was not found.
   at: _process_packet (core/io/multiplayer_api.cpp:203) - Condition "node == nullptr" is true.
ERROR: (Node not found: "CommonPool/1848703845/@KinematicArrow2D@92" (relative to "/root").)
   at: get_node (scene/main/node.cpp:1325) - Condition "!node" is true. Returned: nullptr
ERROR: Failed to get path from RPC: CommonPool/1848703845/@KinematicArrow2D@92.
   at: _process_get_node (core/io/multiplayer_api.cpp:251) - Failed to get path from RPC: CommonPool/1848703845/@KinematicArrow2D@92.
ERROR: Invalid packet received. Requested node was not found.
   at: _process_packet (core/io/multiplayer_api.cpp:203) - Condition "node == nullptr" is true.
ERROR: (Node not found: "CommonPool/1848703845/@KinematicArrow2D@92" (relative to "/root").)
   at: get_node (scene/main/node.cpp:1325) - Condition "!node" is true. Returned: nullptr
ERROR: Failed to get cached path from RPC: CommonPool/1848703845/@KinematicArrow2D@92.
   at: _process_get_node (core/io/multiplayer_api.cpp:267) - Failed to get cached path from RPC: CommonPool/1848703845/@KinematicArrow2D@92.
ERROR: Invalid packet received. Requested node was not found.
   at: _process_packet (core/io/multiplayer_api.cpp:203) - Condition "node == nullptr" is true.
ERROR: (Node not found: "CommonPool/1848703845/@KinematicArrow2D@92" (relative to "/root").)
   at: get_node (scene/main/node.cpp:1325) - Condition "!node" is true. Returned: nullptr
ERROR: Failed to get cached path from RPC: CommonPool/1848703845/@KinematicArrow2D@92.
   at: _process_get_node (core/io/multiplayer_api.cpp:267) - Failed to get cached path from RPC: CommonPool/1848703845/@KinematicArrow2D@92.
ERROR: Invalid packet received. Requested node was not found.
   at: _process_packet (core/io/multiplayer_api.cpp:203) - Condition "node == nullptr" is true.
ERROR: (Node not found: "CommonPool/1848703845/@KinematicArrow2D@101" (relative to "/root").)
   at: get_node (scene/main/node.cpp:1325) - Condition "!node" is true. Returned: nullptr
ERROR: Failed to get path from RPC: CommonPool/1848703845/@KinematicArrow2D@101.
   at: _process_get_node (core/io/multiplayer_api.cpp:251) - Failed to get path from RPC: CommonPool/1848703845/@KinematicArrow2D@101.
ERROR: Invalid packet received. Requested node was not found.
   at: _process_packet (core/io/multiplayer_api.cpp:203) - Condition "node == nullptr" is true.
ERROR: (Node not found: "CommonPool/1848703845/@KinematicArrow2D@101" (relative to "/root").)
   at: get_node (scene/main/node.cpp:1325) - Condition "!node" is true. Returned: nullptr
ERROR: Failed to get cached path from RPC: CommonPool/1848703845/@KinematicArrow2D@101.
   at: _process_get_node (core/io/multiplayer_api.cpp:267) - Failed to get cached path from RPC: CommonPool/1848703845/@KinematicArrow2D@101.
ERROR: Invalid packet received. Requested node was not found.
   at: _process_packet (core/io/multiplayer_api.cpp:203) - Condition "node == nullptr" is true.
ERROR: (Node not found: "CommonPool/1848703845/@KinematicArrow2D@101" (relative to "/root").)
   at: get_node (scene/main/node.cpp:1325) - Condition "!node" is true. Returned: nullptr
ERROR: Failed to get cached path from RPC: CommonPool/1848703845/@KinematicArrow2D@101.
   at: _process_get_node (core/io/multiplayer_api.cpp:267) - Failed to get cached path from RPC: CommonPool/1848703845/@KinematicArrow2D@101.
ERROR: Invalid packet received. Requested node was not found.
   at: _process_packet (core/io/multiplayer_api.cpp:203) - Condition "node == nullptr" is true.
ERROR: (Node not found: "CommonPool/1848703845/@KinematicArrow2D@118" (relative to "/root").)
   at: get_node (scene/main/node.cpp:1325) - Condition "!node" is true. Returned: nullptr
ERROR: Failed to get path from RPC: CommonPool/1848703845/@KinematicArrow2D@118.
   at: _process_get_node (core/io/multiplayer_api.cpp:251) - Failed to get path from RPC: CommonPool/1848703845/@KinematicArrow2D@118.
ERROR: Invalid packet received. Requested node was not found.
   at: _process_packet (core/io/multiplayer_api.cpp:203) - Condition "node == nullptr" is true.
ERROR: (Node not found: "CommonPool/1848703845/@KinematicArrow2D@118" (relative to "/root").)
   at: get_node (scene/main/node.cpp:1325) - Condition "!node" is true. Returned: nullptr
ERROR: Failed to get cached path from RPC: CommonPool/1848703845/@KinematicArrow2D@118.
   at: _process_get_node (core/io/multiplayer_api.cpp:267) - Failed to get cached path from RPC: CommonPool/1848703845/@KinematicArrow2D@118.
ERROR: Invalid packet received. Requested node was not found.
   at: _process_packet (core/io/multiplayer_api.cpp:203) - Condition "node == nullptr" is true.
ERROR: (Node not found: "CommonPool/1848703845/@KinematicArrow2D@118" (relative to "/root").)
   at: get_node (scene/main/node.cpp:1325) - Condition "!node" is true. Returned: nullptr
ERROR: Failed to get cached path from RPC: CommonPool/1848703845/@KinematicArrow2D@118.
   at: _process_get_node (core/io/multiplayer_api.cpp:267) - Failed to get cached path from RPC: CommonPool/1848703845/@KinematicArrow2D@118.
ERROR: Invalid packet received. Requested node was not found.
   at: _process_packet (core/io/multiplayer_api.cpp:203) - Condition "node == nullptr" is true.
ERROR: (Node not found: "CommonPool/1848703845/@KinematicArrow2D@128" (relative to "/root").)
   at: get_node (scene/main/node.cpp:1325) - Condition "!node" is true. Returned: nullptr
ERROR: Failed to get path from RPC: CommonPool/1848703845/@KinematicArrow2D@128.
   at: _process_get_node (core/io/multiplayer_api.cpp:251) - Failed to get path from RPC: CommonPool/1848703845/@KinematicArrow2D@128.
ERROR: Invalid packet received. Requested node was not found.
   at: _process_packet (core/io/multiplayer_api.cpp:203) - Condition "node == nullptr" is true.
ERROR: (Node not found: "CommonPool/1848703845/@KinematicArrow2D@128" (relative to "/root").)
   at: get_node (scene/main/node.cpp:1325) - Condition "!node" is true. Returned: nullptr
ERROR: Failed to get cached path from RPC: CommonPool/1848703845/@KinematicArrow2D@128.
   at: _process_get_node (core/io/multiplayer_api.cpp:267) - Failed to get cached path from RPC: CommonPool/1848703845/@KinematicArrow2D@128.
ERROR: Invalid packet received. Requested node was not found.
   at: _process_packet (core/io/multiplayer_api.cpp:203) - Condition "node == nullptr" is true.
ERROR: (Node not found: "CommonPool/1848703845/@KinematicArrow2D@128" (relative to "/root").)
   at: get_node (scene/main/node.cpp:1325) - Condition "!node" is true. Returned: nullptr
ERROR: Failed to get cached path from RPC: CommonPool/1848703845/@KinematicArrow2D@128.
   at: _process_get_node (core/io/multiplayer_api.cpp:267) - Failed to get cached path from RPC: CommonPool/1848703845/@KinematicArrow2D@128.
ERROR: Invalid packet received. Requested node was not found.
   at: _process_packet (core/io/multiplayer_api.cpp:203) - Condition "node == nullptr" is true.
ERROR: (Node not found: "ConnPlayers/Node/@Node2D@86" (relative to "/root").)
   at: get_node (scene/main/node.cpp:1325) - Condition "!node" is true. Returned: nullptr
ERROR: Failed to get path from RPC: ConnPlayers/Node/@Node2D@86.
   at: _process_get_node (core/io/multiplayer_api.cpp:251) - Failed to get path from RPC: ConnPlayers/Node/@Node2D@86.
ERROR: Invalid packet received. Requested node was not found.
   at: _process_packet (core/io/multiplayer_api.cpp:203) - Condition "node == nullptr" is true.
i died: 1848703845
game has ended, for all
passed :1
passed :1848703845
(561.567993, 373.233002)
[5, 2]
[5, 4]
ERROR: (Node not found: "CommonPool/1848703845/@KinematicArrow2D@146" (relative to "/root").)
   at: get_node (scene/main/node.cpp:1325) - Condition "!node" is true. Returned: nullptr
ERROR: Failed to get path from RPC: CommonPool/1848703845/@KinematicArrow2D@146.
   at: _process_get_node (core/io/multiplayer_api.cpp:251) - Failed to get path from RPC: CommonPool/1848703845/@KinematicArrow2D@146.
ERROR: Invalid packet received. Requested node was not found.
   at: _process_packet (core/io/multiplayer_api.cpp:203) - Condition "node == nullptr" is true.
ERROR: (Node not found: "CommonPool/1848703845/@KinematicArrow2D@146" (relative to "/root").)
   at: get_node (scene/main/node.cpp:1325) - Condition "!node" is true. Returned: nullptr
ERROR: Failed to get cached path from RPC: CommonPool/1848703845/@KinematicArrow2D@146.
   at: _process_get_node (core/io/multiplayer_api.cpp:267) - Failed to get cached path from RPC: CommonPool/1848703845/@KinematicArrow2D@146.
ERROR: Invalid packet received. Requested node was not found.
   at: _process_packet (core/io/multiplayer_api.cpp:203) - Condition "node == nullptr" is true.
ERROR: (Node not found: "CommonPool/1848703845/@KinematicArrow2D@146" (relative to "/root").)
   at: get_node (scene/main/node.cpp:1325) - Condition "!node" is true. Returned: nullptr
ERROR: Failed to get cached path from RPC: CommonPool/1848703845/@KinematicArrow2D@146.
   at: _process_get_node (core/io/multiplayer_api.cpp:267) - Failed to get cached path from RPC: CommonPool/1848703845/@KinematicArrow2D@146.
ERROR: Invalid packet received. Requested node was not found.
   at: _process_packet (core/io/multiplayer_api.cpp:203) - Condition "node == nullptr" is true.
ERROR: (Node not found: "CommonPool/1848703845/@KinematicArrow2D@160" (relative to "/root").)
   at: get_node (scene/main/node.cpp:1325) - Condition "!node" is true. Returned: nullptr
ERROR: Failed to get path from RPC: CommonPool/1848703845/@KinematicArrow2D@160.
   at: _process_get_node (core/io/multiplayer_api.cpp:251) - Failed to get path from RPC: CommonPool/1848703845/@KinematicArrow2D@160.
ERROR: Invalid packet received. Requested node was not found.
   at: _process_packet (core/io/multiplayer_api.cpp:203) - Condition "node == nullptr" is true.
ERROR: (Node not found: "CommonPool/1848703845/@KinematicArrow2D@160" (relative to "/root").)
   at: get_node (scene/main/node.cpp:1325) - Condition "!node" is true. Returned: nullptr
ERROR: Failed to get cached path from RPC: CommonPool/1848703845/@KinematicArrow2D@160.
   at: _process_get_node (core/io/multiplayer_api.cpp:267) - Failed to get cached path from RPC: CommonPool/1848703845/@KinematicArrow2D@160.
ERROR: Invalid packet received. Requested node was not found.
   at: _process_packet (core/io/multiplayer_api.cpp:203) - Condition "node == nullptr" is true.
ERROR: (Node not found: "CommonPool/1848703845/@KinematicArrow2D@160" (relative to "/root").)
   at: get_node (scene/main/node.cpp:1325) - Condition "!node" is true. Returned: nullptr
ERROR: Failed to get cached path from RPC: CommonPool/1848703845/@KinematicArrow2D@160.
   at: _process_get_node (core/io/multiplayer_api.cpp:267) - Failed to get cached path from RPC: CommonPool/1848703845/@KinematicArrow2D@160.
ERROR: Invalid packet received. Requested node was not found.
   at: _process_packet (core/io/multiplayer_api.cpp:203) - Condition "node == nullptr" is true.
ERROR: (Node not found: "CommonPool/1848703845/@KinematicArrow2D@166" (relative to "/root").)
   at: get_node (scene/main/node.cpp:1325) - Condition "!node" is true. Returned: nullptr
ERROR: Failed to get path from RPC: CommonPool/1848703845/@KinematicArrow2D@166.
   at: _process_get_node (core/io/multiplayer_api.cpp:251) - Failed to get path from RPC: CommonPool/1848703845/@KinematicArrow2D@166.
ERROR: Invalid packet received. Requested node was not found.
   at: _process_packet (core/io/multiplayer_api.cpp:203) - Condition "node == nullptr" is true.
ERROR: (Node not found: "CommonPool/1848703845/@KinematicArrow2D@166" (relative to "/root").)
   at: get_node (scene/main/node.cpp:1325) - Condition "!node" is true. Returned: nullptr
ERROR: Failed to get cached path from RPC: CommonPool/1848703845/@KinematicArrow2D@166.
   at: _process_get_node (core/io/multiplayer_api.cpp:267) - Failed to get cached path from RPC: CommonPool/1848703845/@KinematicArrow2D@166.
ERROR: Invalid packet received. Requested node was not found.
   at: _process_packet (core/io/multiplayer_api.cpp:203) - Condition "node == nullptr" is true.
ERROR: (Node not found: "CommonPool/1848703845/@KinematicArrow2D@166" (relative to "/root").)
   at: get_node (scene/main/node.cpp:1325) - Condition "!node" is true. Returned: nullptr
ERROR: Failed to get cached path from RPC: CommonPool/1848703845/@KinematicArrow2D@166.
   at: _process_get_node (core/io/multiplayer_api.cpp:267) - Failed to get cached path from RPC: CommonPool/1848703845/@KinematicArrow2D@166.
ERROR: Invalid packet received. Requested node was not found.
   at: _process_packet (core/io/multiplayer_api.cpp:203) - Condition "node == nullptr" is true.
ERROR: (Node not found: "CommonPool/1848703845/@KinematicArrow2D@169" (relative to "/root").)
   at: get_node (scene/main/node.cpp:1325) - Condition "!node" is true. Returned: nullptr
ERROR: Failed to get path from RPC: CommonPool/1848703845/@KinematicArrow2D@169.
   at: _process_get_node (core/io/multiplayer_api.cpp:251) - Failed to get path from RPC: CommonPool/1848703845/@KinematicArrow2D@169.
ERROR: Invalid packet received. Requested node was not found.
   at: _process_packet (core/io/multiplayer_api.cpp:203) - Condition "node == nullptr" is true.
ERROR: (Node not found: "CommonPool/1848703845/@KinematicArrow2D@169" (relative to "/root").)
   at: get_node (scene/main/node.cpp:1325) - Condition "!node" is true. Returned: nullptr
ERROR: Failed to get cached path from RPC: CommonPool/1848703845/@KinematicArrow2D@169.
   at: _process_get_node (core/io/multiplayer_api.cpp:267) - Failed to get cached path from RPC: CommonPool/1848703845/@KinematicArrow2D@169.
ERROR: Invalid packet received. Requested node was not found.
   at: _process_packet (core/io/multiplayer_api.cpp:203) - Condition "node == nullptr" is true.
ERROR: (Node not found: "CommonPool/1848703845/@KinematicArrow2D@169" (relative to "/root").)
   at: get_node (scene/main/node.cpp:1325) - Condition "!node" is true. Returned: nullptr
ERROR: Failed to get cached path from RPC: CommonPool/1848703845/@KinematicArrow2D@169.
   at: _process_get_node (core/io/multiplayer_api.cpp:267) - Failed to get cached path from RPC: CommonPool/1848703845/@KinematicArrow2D@169.
ERROR: Invalid packet received. Requested node was not found.
   at: _process_packet (core/io/multiplayer_api.cpp:203) - Condition "node == nullptr" is true.
ERROR: (Node not found: "CommonPool/1848703845/@KinematicArrow2D@172" (relative to "/root").)
   at: get_node (scene/main/node.cpp:1325) - Condition "!node" is true. Returned: nullptr
ERROR: Failed to get path from RPC: CommonPool/1848703845/@KinematicArrow2D@172.
   at: _process_get_node (core/io/multiplayer_api.cpp:251) - Failed to get path from RPC: CommonPool/1848703845/@KinematicArrow2D@172.
ERROR: Invalid packet received. Requested node was not found.
   at: _process_packet (core/io/multiplayer_api.cpp:203) - Condition "node == nullptr" is true.
ERROR: (Node not found: "CommonPool/1848703845/@KinematicArrow2D@172" (relative to "/root").)
   at: get_node (scene/main/node.cpp:1325) - Condition "!node" is true. Returned: nullptr
ERROR: Failed to get cached path from RPC: CommonPool/1848703845/@KinematicArrow2D@172.
   at: _process_get_node (core/io/multiplayer_api.cpp:267) - Failed to get cached path from RPC: CommonPool/1848703845/@KinematicArrow2D@172.
ERROR: Invalid packet received. Requested node was not found.
   at: _process_packet (core/io/multiplayer_api.cpp:203) - Condition "node == nullptr" is true.
ERROR: (Node not found: "CommonPool/1848703845/@KinematicArrow2D@172" (relative to "/root").)
   at: get_node (scene/main/node.cpp:1325) - Condition "!node" is true. Returned: nullptr
ERROR: Failed to get cached path from RPC: CommonPool/1848703845/@KinematicArrow2D@172.
   at: _process_get_node (core/io/multiplayer_api.cpp:267) - Failed to get cached path from RPC: CommonPool/1848703845/@KinematicArrow2D@172.
ERROR: Invalid packet received. Requested node was not found.
   at: _process_packet (core/io/multiplayer_api.cpp:203) - Condition "node == nullptr" is true.
ERROR: (Node not found: "CommonPool/1848703845/@KinematicArrow2D@177" (relative to "/root").)
   at: get_node (scene/main/node.cpp:1325) - Condition "!node" is true. Returned: nullptr
ERROR: Failed to get path from RPC: CommonPool/1848703845/@KinematicArrow2D@177.
   at: _process_get_node (core/io/multiplayer_api.cpp:251) - Failed to get path from RPC: CommonPool/1848703845/@KinematicArrow2D@177.
ERROR: Invalid packet received. Requested node was not found.
   at: _process_packet (core/io/multiplayer_api.cpp:203) - Condition "node == nullptr" is true.
ERROR: (Node not found: "CommonPool/1848703845/@KinematicArrow2D@177" (relative to "/root").)
   at: get_node (scene/main/node.cpp:1325) - Condition "!node" is true. Returned: nullptr
ERROR: Failed to get cached path from RPC: CommonPool/1848703845/@KinematicArrow2D@177.
   at: _process_get_node (core/io/multiplayer_api.cpp:267) - Failed to get cached path from RPC: CommonPool/1848703845/@KinematicArrow2D@177.
ERROR: Invalid packet received. Requested node was not found.
   at: _process_packet (core/io/multiplayer_api.cpp:203) - Condition "node == nullptr" is true.
ERROR: (Node not found: "CommonPool/1848703845/@KinematicArrow2D@177" (relative to "/root").)
   at: get_node (scene/main/node.cpp:1325) - Condition "!node" is true. Returned: nullptr
ERROR: Failed to get cached path from RPC: CommonPool/1848703845/@KinematicArrow2D@177.
   at: _process_get_node (core/io/multiplayer_api.cpp:267) - Failed to get cached path from RPC: CommonPool/1848703845/@KinematicArrow2D@177.
ERROR: Invalid packet received. Requested node was not found.
   at: _process_packet (core/io/multiplayer_api.cpp:203) - Condition "node == nullptr" is true.
ERROR: (Node not found: "CommonPool/1848703845/@KinematicArrow2D@181" (relative to "/root").)
   at: get_node (scene/main/node.cpp:1325) - Condition "!node" is true. Returned: nullptr
ERROR: Failed to get path from RPC: CommonPool/1848703845/@KinematicArrow2D@181.
   at: _process_get_node (core/io/multiplayer_api.cpp:251) - Failed to get path from RPC: CommonPool/1848703845/@KinematicArrow2D@181.
ERROR: Invalid packet received. Requested node was not found.
   at: _process_packet (core/io/multiplayer_api.cpp:203) - Condition "node == nullptr" is true.
ERROR: (Node not found: "CommonPool/1848703845/@KinematicArrow2D@181" (relative to "/root").)
   at: get_node (scene/main/node.cpp:1325) - Condition "!node" is true. Returned: nullptr
ERROR: Failed to get cached path from RPC: CommonPool/1848703845/@KinematicArrow2D@181.
   at: _process_get_node (core/io/multiplayer_api.cpp:267) - Failed to get cached path from RPC: CommonPool/1848703845/@KinematicArrow2D@181.
ERROR: Invalid packet received. Requested node was not found.
   at: _process_packet (core/io/multiplayer_api.cpp:203) - Condition "node == nullptr" is true.
ERROR: (Node not found: "CommonPool/1848703845/@KinematicArrow2D@181" (relative to "/root").)
   at: get_node (scene/main/node.cpp:1325) - Condition "!node" is true. Returned: nullptr
ERROR: Failed to get cached path from RPC: CommonPool/1848703845/@KinematicArrow2D@181.
   at: _process_get_node (core/io/multiplayer_api.cpp:267) - Failed to get cached path from RPC: CommonPool/1848703845/@KinematicArrow2D@181.
ERROR: Invalid packet received. Requested node was not found.
   at: _process_packet (core/io/multiplayer_api.cpp:203) - Condition "node == nullptr" is true.
ERROR: (Node not found: "CommonPool/1848703845/@KinematicArrow2D@184" (relative to "/root").)
   at: get_node (scene/main/node.cpp:1325) - Condition "!node" is true. Returned: nullptr
ERROR: Failed to get path from RPC: CommonPool/1848703845/@KinematicArrow2D@184.
   at: _process_get_node (core/io/multiplayer_api.cpp:251) - Failed to get path from RPC: CommonPool/1848703845/@KinematicArrow2D@184.
ERROR: Invalid packet received. Requested node was not found.
   at: _process_packet (core/io/multiplayer_api.cpp:203) - Condition "node == nullptr" is true.
ERROR: (Node not found: "CommonPool/1848703845/@KinematicArrow2D@184" (relative to "/root").)
   at: get_node (scene/main/node.cpp:1325) - Condition "!node" is true. Returned: nullptr
ERROR: Failed to get cached path from RPC: CommonPool/1848703845/@KinematicArrow2D@184.
   at: _process_get_node (core/io/multiplayer_api.cpp:267) - Failed to get cached path from RPC: CommonPool/1848703845/@KinematicArrow2D@184.
ERROR: Invalid packet received. Requested node was not found.
   at: _process_packet (core/io/multiplayer_api.cpp:203) - Condition "node == nullptr" is true.
ERROR: (Node not found: "CommonPool/1848703845/@KinematicArrow2D@184" (relative to "/root").)
   at: get_node (scene/main/node.cpp:1325) - Condition "!node" is true. Returned: nullptr
ERROR: Failed to get cached path from RPC: CommonPool/1848703845/@KinematicArrow2D@184.
   at: _process_get_node (core/io/multiplayer_api.cpp:267) - Failed to get cached path from RPC: CommonPool/1848703845/@KinematicArrow2D@184.
ERROR: Invalid packet received. Requested node was not found.
   at: _process_packet (core/io/multiplayer_api.cpp:203) - Condition "node == nullptr" is true.
ERROR: (Node not found: "CommonPool/1848703845/@KinematicArrow2D@193" (relative to "/root").)
   at: get_node (scene/main/node.cpp:1325) - Condition "!node" is true. Returned: nullptr
ERROR: Failed to get path from RPC: CommonPool/1848703845/@KinematicArrow2D@193.
   at: _process_get_node (core/io/multiplayer_api.cpp:251) - Failed to get path from RPC: CommonPool/1848703845/@KinematicArrow2D@193.
ERROR: Invalid packet received. Requested node was not found.
   at: _process_packet (core/io/multiplayer_api.cpp:203) - Condition "node == nullptr" is true.
ERROR: (Node not found: "CommonPool/1848703845/@KinematicArrow2D@193" (relative to "/root").)
   at: get_node (scene/main/node.cpp:1325) - Condition "!node" is true. Returned: nullptr
ERROR: Failed to get cached path from RPC: CommonPool/1848703845/@KinematicArrow2D@193.
   at: _process_get_node (core/io/multiplayer_api.cpp:267) - Failed to get cached path from RPC: CommonPool/1848703845/@KinematicArrow2D@193.
ERROR: Invalid packet received. Requested node was not found.
   at: _process_packet (core/io/multiplayer_api.cpp:203) - Condition "node == nullptr" is true.
ERROR: (Node not found: "CommonPool/1848703845/@KinematicArrow2D@193" (relative to "/root").)
   at: get_node (scene/main/node.cpp:1325) - Condition "!node" is true. Returned: nullptr
ERROR: Failed to get cached path from RPC: CommonPool/1848703845/@KinematicArrow2D@193.
   at: _process_get_node (core/io/multiplayer_api.cpp:267) - Failed to get cached path from RPC: CommonPool/1848703845/@KinematicArrow2D@193.
ERROR: Invalid packet received. Requested node was not found.
   at: _process_packet (core/io/multiplayer_api.cpp:203) - Condition "node == nullptr" is true.
ERROR: (Node not found: "CommonPool/1848703845/@KinematicArrow2D@203" (relative to "/root").)
   at: get_node (scene/main/node.cpp:1325) - Condition "!node" is true. Returned: nullptr
ERROR: Failed to get path from RPC: CommonPool/1848703845/@KinematicArrow2D@203.
   at: _process_get_node (core/io/multiplayer_api.cpp:251) - Failed to get path from RPC: CommonPool/1848703845/@KinematicArrow2D@203.
ERROR: Invalid packet received. Requested node was not found.
   at: _process_packet (core/io/multiplayer_api.cpp:203) - Condition "node == nullptr" is true.
ERROR: (Node not found: "CommonPool/1848703845/@KinematicArrow2D@203" (relative to "/root").)
   at: get_node (scene/main/node.cpp:1325) - Condition "!node" is true. Returned: nullptr
ERROR: Failed to get cached path from RPC: CommonPool/1848703845/@KinematicArrow2D@203.
   at: _process_get_node (core/io/multiplayer_api.cpp:267) - Failed to get cached path from RPC: CommonPool/1848703845/@KinematicArrow2D@203.
ERROR: Invalid packet received. Requested node was not found.
   at: _process_packet (core/io/multiplayer_api.cpp:203) - Condition "node == nullptr" is true.
ERROR: (Node not found: "CommonPool/1848703845/@KinematicArrow2D@203" (relative to "/root").)
   at: get_node (scene/main/node.cpp:1325) - Condition "!node" is true. Returned: nullptr
ERROR: Failed to get cached path from RPC: CommonPool/1848703845/@KinematicArrow2D@203.
   at: _process_get_node (core/io/multiplayer_api.cpp:267) - Failed to get cached path from RPC: CommonPool/1848703845/@KinematicArrow2D@203.
ERROR: Invalid packet received. Requested node was not found.
   at: _process_packet (core/io/multiplayer_api.cpp:203) - Condition "node == nullptr" is true.
ERROR: (Node not found: "CommonPool/1848703845/@KinematicArrow2D@207" (relative to "/root").)
   at: get_node (scene/main/node.cpp:1325) - Condition "!node" is true. Returned: nullptr
ERROR: Failed to get path from RPC: CommonPool/1848703845/@KinematicArrow2D@207.
   at: _process_get_node (core/io/multiplayer_api.cpp:251) - Failed to get path from RPC: CommonPool/1848703845/@KinematicArrow2D@207.
ERROR: Invalid packet received. Requested node was not found.
   at: _process_packet (core/io/multiplayer_api.cpp:203) - Condition "node == nullptr" is true.
ERROR: (Node not found: "CommonPool/1848703845/@KinematicArrow2D@207" (relative to "/root").)
   at: get_node (scene/main/node.cpp:1325) - Condition "!node" is true. Returned: nullptr
ERROR: Failed to get cached path from RPC: CommonPool/1848703845/@KinematicArrow2D@207.
   at: _process_get_node (core/io/multiplayer_api.cpp:267) - Failed to get cached path from RPC: CommonPool/1848703845/@KinematicArrow2D@207.
ERROR: Invalid packet received. Requested node was not found.
   at: _process_packet (core/io/multiplayer_api.cpp:203) - Condition "node == nullptr" is true.
ERROR: (Node not found: "CommonPool/1848703845/@KinematicArrow2D@207" (relative to "/root").)
   at: get_node (scene/main/node.cpp:1325) - Condition "!node" is true. Returned: nullptr
ERROR: Failed to get cached path from RPC: CommonPool/1848703845/@KinematicArrow2D@207.
   at: _process_get_node (core/io/multiplayer_api.cpp:267) - Failed to get cached path from RPC: CommonPool/1848703845/@KinematicArrow2D@207.
ERROR: Invalid packet received. Requested node was not found.
   at: _process_packet (core/io/multiplayer_api.cpp:203) - Condition "node == nullptr" is true.
ERROR: (Node not found: "CommonPool/1848703845/@KinematicArrow2D@216" (relative to "/root").)
   at: get_node (scene/main/node.cpp:1325) - Condition "!node" is true. Returned: nullptr
ERROR: Failed to get path from RPC: CommonPool/1848703845/@KinematicArrow2D@216.
   at: _process_get_node (core/io/multiplayer_api.cpp:251) - Failed to get path from RPC: CommonPool/1848703845/@KinematicArrow2D@216.
ERROR: Invalid packet received. Requested node was not found.
   at: _process_packet (core/io/multiplayer_api.cpp:203) - Condition "node == nullptr" is true.
ERROR: (Node not found: "CommonPool/1848703845/@KinematicArrow2D@216" (relative to "/root").)
   at: get_node (scene/main/node.cpp:1325) - Condition "!node" is true. Returned: nullptr
ERROR: Failed to get cached path from RPC: CommonPool/1848703845/@KinematicArrow2D@216.
   at: _process_get_node (core/io/multiplayer_api.cpp:267) - Failed to get cached path from RPC: CommonPool/1848703845/@KinematicArrow2D@216.
ERROR: Invalid packet received. Requested node was not found.
   at: _process_packet (core/io/multiplayer_api.cpp:203) - Condition "node == nullptr" is true.
ERROR: (Node not found: "CommonPool/1848703845/@KinematicArrow2D@216" (relative to "/root").)
   at: get_node (scene/main/node.cpp:1325) - Condition "!node" is true. Returned: nullptr
ERROR: Failed to get cached path from RPC: CommonPool/1848703845/@KinematicArrow2D@216.
   at: _process_get_node (core/io/multiplayer_api.cpp:267) - Failed to get cached path from RPC: CommonPool/1848703845/@KinematicArrow2D@216.
ERROR: Invalid packet received. Requested node was not found.
   at: _process_packet (core/io/multiplayer_api.cpp:203) - Condition "node == nullptr" is true.
ERROR: (Node not found: "ConnPlayers/Node/@Node2D@233" (relative to "/root").)
   at: get_node (scene/main/node.cpp:1325) - Condition "!node" is true. Returned: nullptr
ERROR: Failed to get path from RPC: ConnPlayers/Node/@Node2D@233.
   at: _process_get_node (core/io/multiplayer_api.cpp:251) - Failed to get path from RPC: ConnPlayers/Node/@Node2D@233.
ERROR: Invalid packet received. Requested node was not found.
   at: _process_packet (core/io/multiplayer_api.cpp:203) - Condition "node == nullptr" is true.
changed
changed
flechas: 2
ERROR: (Node not found: "ConnPlayers/Node/@Node2D@286" (relative to "/root").)
   at: get_node (scene/main/node.cpp:1325) - Condition "!node" is true. Returned: nullptr
ERROR: Failed to get path from RPC: ConnPlayers/Node/@Node2D@286.
   at: _process_get_node (core/io/multiplayer_api.cpp:251) - Failed to get path from RPC: ConnPlayers/Node/@Node2D@286.
ERROR: Invalid packet received. Requested node was not found.
   at: _process_packet (core/io/multiplayer_api.cpp:203) - Condition "node == nullptr" is true.
flechas: 1
[@KinematicArrow2D@292:[KinematicBody2D:30046], @KinematicArrow2D@293:[KinematicBody2D:30060], @KinematicArrow2D@294:[KinematicBody2D:30074], @KinematicArrow2D@295:[KinematicBody2D:30088]]
flechas: 0
[@KinematicArrow2D@298:[KinematicBody2D:30470], @KinematicArrow2D@299:[KinematicBody2D:30484], @KinematicArrow2D@300:[KinematicBody2D:30498], @KinematicArrow2D@301:[KinematicBody2D:30512]]
flechas: 0
ERROR: (Node not found: "CommonPool/1848703845/@KinematicArrow2D@305" (relative to "/root").)
   at: get_node (scene/main/node.cpp:1325) - Condition "!node" is true. Returned: nullptr
ERROR: Failed to get path from RPC: CommonPool/1848703845/@KinematicArrow2D@305.
   at: _process_get_node (core/io/multiplayer_api.cpp:251) - Failed to get path from RPC: CommonPool/1848703845/@KinematicArrow2D@305.
ERROR: Invalid packet received. Requested node was not found.
   at: _process_packet (core/io/multiplayer_api.cpp:203) - Condition "node == nullptr" is true.
ERROR: (Node not found: "CommonPool/1848703845/@KinematicArrow2D@305" (relative to "/root").)
   at: get_node (scene/main/node.cpp:1325) - Condition "!node" is true. Returned: nullptr
ERROR: Failed to get cached path from RPC: CommonPool/1848703845/@KinematicArrow2D@305.
   at: _process_get_node (core/io/multiplayer_api.cpp:267) - Failed to get cached path from RPC: CommonPool/1848703845/@KinematicArrow2D@305.
ERROR: Invalid packet received. Requested node was not found.
   at: _process_packet (core/io/multiplayer_api.cpp:203) - Condition "node == nullptr" is true.
ERROR: (Node not found: "CommonPool/1848703845/@KinematicArrow2D@305" (relative to "/root").)
   at: get_node (scene/main/node.cpp:1325) - Condition "!node" is true. Returned: nullptr
ERROR: Failed to get cached path from RPC: CommonPool/1848703845/@KinematicArrow2D@305.
   at: _process_get_node (core/io/multiplayer_api.cpp:267) - Failed to get cached path from RPC: CommonPool/1848703845/@KinematicArrow2D@305.
ERROR: Invalid packet received. Requested node was not found.
   at: _process_packet (core/io/multiplayer_api.cpp:203) - Condition "node == nullptr" is true.
ERROR: (Node not found: "ConnPlayers/Node/@Node2D@174" (relative to "/root").)
   at: get_node (scene/main/node.cpp:1325) - Condition "!node" is true. Returned: nullptr
ERROR: Failed to get path from RPC: ConnPlayers/Node/@Node2D@174.
   at: _process_get_node (core/io/multiplayer_api.cpp:251) - Failed to get path from RPC: ConnPlayers/Node/@Node2D@174.
ERROR: Invalid packet received. Requested node was not found.
   at: _process_packet (core/io/multiplayer_api.cpp:203) - Condition "node == nullptr" is true.
changed
flechas: 3
ERROR: (Node not found: "ConnPlayers/Node/@Node2D@306" (relative to "/root").)
   at: get_node (scene/main/node.cpp:1325) - Condition "!node" is true. Returned: nullptr
ERROR: Failed to get path from RPC: ConnPlayers/Node/@Node2D@306.
   at: _process_get_node (core/io/multiplayer_api.cpp:251) - Failed to get path from RPC: ConnPlayers/Node/@Node2D@306.
ERROR: Invalid packet received. Requested node was not found.
   at: _process_packet (core/io/multiplayer_api.cpp:203) - Condition "node == nullptr" is true.
flechas: 2
changed
flechas: 3
ERROR: (Node not found: "ConnPlayers/Node/@Node2D@307" (relative to "/root").)
   at: get_node (scene/main/node.cpp:1325) - Condition "!node" is true. Returned: nullptr
ERROR: Failed to get path from RPC: ConnPlayers/Node/@Node2D@307.
   at: _process_get_node (core/io/multiplayer_api.cpp:251) - Failed to get path from RPC: ConnPlayers/Node/@Node2D@307.
ERROR: Invalid packet received. Requested node was not found.
   at: _process_packet (core/io/multiplayer_api.cpp:203) - Condition "node == nullptr" is true.
flechas: 2
flechas: 1
flechas: 0
flechas: 0
i died: 1848703845
ERROR: (Node not found: "CommonPool/1848703845/KinematicArrow2D" (relative to "/root").)
   at: get_node (scene/main/node.cpp:1325) - Condition "!node" is true. Returned: nullptr
ERROR: Failed to get cached path from RPC: CommonPool/1848703845/KinematicArrow2D.
   at: _process_get_node (core/io/multiplayer_api.cpp:267) - Failed to get cached path from RPC: CommonPool/1848703845/KinematicArrow2D.
ERROR: Invalid packet received. Requested node was not found.
   at: _process_packet (core/io/multiplayer_api.cpp:203) - Condition "node == nullptr" is true.
game has ended, for all
