Godot Engine v3.4.2.stable.official.45eaa2daf - https://godotengine.org
OpenGL ES 3.0 Renderer: NVIDIA GeForce GTX 1050/PCIe/SSE2
OpenGL ES Batching: ON
 
label1
my pos is(0, 0)
my pos is(0, 0)
my pos is(0, 0)
my pos is(0, 0)
started
send start
finished
send shoot
start shoot
12
started
send start
finished
send shoot
start shoot
16
hit called
1128.460236
1068.955048
819.045044
moving
end pos(0, -50)
started
send start
finished
send shoot
start shoot
26
started
send start
finished
send shoot
start shoot
42
started
send start
finished
send shoot
start shoot
42
started
send start
finished
send shoot
start shoot
39
started
send start
finished
send shoot
start shoot
48
hit called
2364.328308
2304.823181
1719.769287
moving
end pos(0, -50)
started
send start
finished
send shoot
start shoot
10
started
send start
finished
send shoot
start shoot
33
started
send start
finished
send shoot
start shoot
54
hit called
4617.188477
4557.68335
3455.51123
moving
end pos(0, -50)
started
send start
finished
send shoot
start shoot
88
hit called
6263.428101
6203.922729
4677.999512
moving
end pos(0, -50)
started
send start
finished
send shoot
start shoot
100
started
send start
hit called
finished
send shoot
start shoot
64
hit called
started
send start
finished
send shoot
start shoot
96
started
send start
finished
send shoot
start shoot
60
hit called
started
send start
finished
send shoot
start shoot
68
hit called
started
send start
finished
send shoot
start shoot
18
hit called
started
send start
finished
send shoot
start shoot
51
hit called
started
send start
finished
send shoot
start shoot
64
hit called
started
send start
finished
send shoot
start shoot
84
hit called
started
send start
finished
send shoot
start shoot
80
started
send start
hit called
finished
send shoot
start shoot
60
started
send start
finished
send shoot
start shoot
60
started
send start
finished
send shoot
start shoot
51
hit called
started
send start
finished
send shoot
start shoot
0
started
send start
finished
send shoot
start shoot
0
hit called
started
send start
hit called
finished
send shoot
start shoot
3
started
send start
finished
send shoot
start shoot
0
hit called
started
send start
finished
send shoot
start shoot
5
hit called
hit called
started
send start
finished
send shoot
start shoot
92
started
send start
finished
send shoot
start shoot
100
started
send start
finished
send shoot
start shoot
100
hit called
started
send start
finished
send shoot
start shoot
100
hit called
