Godot Engine v3.4.2.stable.official.45eaa2daf - https://godotengine.org
OpenGL ES 3.0 Renderer: NVIDIA GeForce GTX 1050/PCIe/SSE2
OpenGL ES Batching: ON
 
label1
my pos is(0, 0)
my pos is(0, 0)
my pos is(0, 0)
my pos is(0, 0)
started
send start
finished
send shoot
start shoot
19
hit called
1128.460236
1068.955048
792.650635
moving
end pos(0, -50)
started
send start
finished
send shoot
start shoot
48
hit called
2364.328308
2304.823181
1723.426392
moving
end pos(0, -50)
started
send start
finished
send shoot
start shoot
29
started
send start
finished
send shoot
start shoot
46
started
send start
finished
send shoot
start shoot
81
started
send start
finished
send shoot
start shoot
44
started
send start
finished
send shoot
start shoot
56
started
send start
finished
send shoot
start shoot
50
started
send start
finished
send shoot
start shoot
78
hit called
4617.188477
4557.68335
3449.479492
moving
end pos(0, -50)
started
send start
finished
send shoot
start shoot
53
started
send start
finished
send shoot
start shoot
50
hit called
6263.428101
6203.922729
4644.585449
moving
end pos(0, -50)
started
send start
finished
send shoot
start shoot
16
hit called
started
send start
finished
send shoot
start shoot
89
started
send start
finished
send shoot
start shoot
100
hit called
started
send start
finished
send shoot
start shoot
100
hit called
started
send start
finished
send shoot
start shoot
0
hit called
started
send start
finished
send shoot
start shoot
100
hit called
started
send start
finished
send shoot
start shoot
93
hit called
