Godot Engine v3.4.2.stable.official.45eaa2daf - https://godotengine.org
OpenGL ES 3.0 Renderer: NVIDIA GeForce GTX 1050/PCIe/SSE2
OpenGL ES Batching: ON
 
label1
my pos is(0, 0)
my pos is(0, 0)
my pos is(0, 0)
my pos is(0, 0)
started
send start
finished
send shoot
start shoot
13
started
send start
finished
send shoot
start shoot
7
started
send start
finished
send shoot
start shoot
4
hit called
1128.460236
1068.955048
840.959229
moving
end pos(0, -50)
started
send start
finished
send shoot
start shoot
32
started
send start
finished
send shoot
start shoot
48
hit called
2364.328308
2304.823181
1727.836182
moving
end pos(0, -50)
started
send start
finished
send shoot
start shoot
63
hit called
4617.188477
4557.68335
3446.895752
moving
end pos(0, -50)
started
send start
finished
send shoot
start shoot
56
started
send start
finished
send shoot
start shoot
38
started
send start
finished
send shoot
start shoot
60
started
send start
finished
send shoot
start shoot
66
started
send start
finished
send shoot
start shoot
54
started
send start
finished
send shoot
start shoot
75
hit called
6263.428101
6203.922729
4689.769531
moving
end pos(0, -50)
I've been hit
(-900, -900)
I've been hit
(900, -900)
I've been hit
(-900, -900)
I've been hit
(-900, -900)
I've been hit
(-900, -900)
I've been hit
(-900, -900)
I've been hit
(-900, -900)
I've been hit
(900, -900)
I've been hit
(900, -900)
I've been hit
(900, -900)
i Die
