Godot Engine v3.4.2.stable.official.45eaa2daf - https://godotengine.org
OpenGL ES 3.0 Renderer: NVIDIA GeForce GTX 1050/PCIe/SSE2
OpenGL ES Batching: ON
 
label1
my pos is(0, 0)
my pos is(0, 0)
my pos is(0, 0)
my pos is(0, 0)
started
send start
finished
send shoot
start shoot
13
started
send start
finished
send shoot
start shoot
3
started
send start
finished
send shoot
start shoot
17
hit called
1128.460236
1068.955048
797.28833
moving
end pos(0, -50)
started
send start
finished
send shoot
start shoot
50
started
send start
finished
send shoot
start shoot
48
started
send start
finished
send shoot
start shoot
52
started
send start
finished
send shoot
start shoot
69
started
send start
finished
send shoot
start shoot
69
started
send start
finished
send shoot
start shoot
60
hit called
2364.328308
2304.823181
1735.922119
moving
end pos(0, -50)
started
send start
finished
send shoot
start shoot
58
started
send start
finished
send shoot
start shoot
56
started
send start
finished
send shoot
start shoot
50
hit called
4617.188477
4557.68335
3467.410645
moving
end pos(0, -50)
started
send start
finished
send shoot
start shoot
46
hit called
6263.428101
6203.922729
4643.092773
moving
end pos(0, -50)
started
send start
finished
send shoot
start shoot
12
hit called
started
send start
finished
send shoot
start shoot
100
hit called
started
send start
finished
send shoot
start shoot
96
hit called
started
send start
finished
send shoot
start shoot
100
hit called
started
send start
finished
send shoot
start shoot
0
hit called
started
send start
finished
send shoot
start shoot
100
hit called
