Godot Engine v3.4.4.stable.official.419e713a2 - https://godotengine.org
OpenGL ES 3.0 Renderer: Quadro P520/PCIe/SSE2
OpenGL ES Batching: ON
 
label4
Create butt
passed :1
(58.599998, 48.599998)
[4]
[3]
fade
fade
[@KinematicArrow2D@12:[KinematicBody2D:3713], @KinematicArrow2D@13:[KinematicBody2D:3722], @KinematicArrow2D@14:[KinematicBody2D:3731], @KinematicArrow2D@15:[KinematicBody2D:3740]]
fade
fade
fade
fade
fade
[@KinematicArrow2D@17:[KinematicBody2D:3884], @KinematicArrow2D@18:[KinematicBody2D:3893], @KinematicArrow2D@19:[KinematicBody2D:3902], @KinematicArrow2D@20:[KinematicBody2D:3911]]
fade
fade
fade
fade
fade
[@KinematicArrow2D@21:[KinematicBody2D:4065], @KinematicArrow2D@22:[KinematicBody2D:4074], @KinematicArrow2D@23:[KinematicBody2D:4083], @KinematicArrow2D@24:[KinematicBody2D:4092]]
fade
fade
fade
fade
fade
[@KinematicArrow2D@27:[KinematicBody2D:4547], @KinematicArrow2D@28:[KinematicBody2D:4556], @KinematicArrow2D@29:[KinematicBody2D:4565], @KinematicArrow2D@30:[KinematicBody2D:4574]]
fade
fade
fade
fade
fade
[@KinematicArrow2D@32:[KinematicBody2D:4889], @KinematicArrow2D@33:[KinematicBody2D:4898], @KinematicArrow2D@34:[KinematicBody2D:4907], @KinematicArrow2D@35:[KinematicBody2D:4916]]
[@KinematicArrow2D@37:[KinematicBody2D:5053], @KinematicArrow2D@38:[KinematicBody2D:5062], @KinematicArrow2D@39:[KinematicBody2D:5071], @KinematicArrow2D@40:[KinematicBody2D:5080]]
fade
fade
fade
fade
fade
fade
fade
fade
fade
fade
[@KinematicArrow2D@43:[KinematicBody2D:5766], @KinematicArrow2D@44:[KinematicBody2D:5775], @KinematicArrow2D@45:[KinematicBody2D:5784], @KinematicArrow2D@46:[KinematicBody2D:5793]]
fade
fade
fade
fade
fade
[@KinematicArrow2D@48:[KinematicBody2D:6197], @KinematicArrow2D@49:[KinematicBody2D:6206], @KinematicArrow2D@50:[KinematicBody2D:6215], @KinematicArrow2D@51:[KinematicBody2D:6224]]
fade
fade
fade
fade
fade
[@KinematicArrow2D@54:[KinematicBody2D:6409], @KinematicArrow2D@55:[KinematicBody2D:6418], @KinematicArrow2D@56:[KinematicBody2D:6427], @KinematicArrow2D@57:[KinematicBody2D:6436]]
fade
fade
fade
fade
fade
[@KinematicArrow2D@59:[KinematicBody2D:6932], @KinematicArrow2D@60:[KinematicBody2D:6941], @KinematicArrow2D@61:[KinematicBody2D:6950], @KinematicArrow2D@62:[KinematicBody2D:6959]]
fade
[@KinematicArrow2D@64:[KinematicBody2D:7258], @KinematicArrow2D@65:[KinematicBody2D:7267], @KinematicArrow2D@66:[KinematicBody2D:7276], @KinematicArrow2D@67:[KinematicBody2D:7285]]
fade
fade
fade
fade
fade
fade
fade
fade
fade
[@KinematicArrow2D@70:[KinematicBody2D:7639], @KinematicArrow2D@71:[KinematicBody2D:7648], @KinematicArrow2D@72:[KinematicBody2D:7657], @KinematicArrow2D@73:[KinematicBody2D:7666]]
[@KinematicArrow2D@76:[KinematicBody2D:7884], @KinematicArrow2D@77:[KinematicBody2D:7893], @KinematicArrow2D@78:[KinematicBody2D:7902], @KinematicArrow2D@79:[KinematicBody2D:7911]]
fade
fade
fade
fade
fade
fade
fade
fade
fade
fade
explote
explote
explote
explote
explote
explote
explote
explote
explote
explote
