Godot Engine v3.4.2.stable.official.45eaa2daf - https://godotengine.org
OpenGL ES 3.0 Renderer: NVIDIA GeForce GTX 1050/PCIe/SSE2
OpenGL ES Batching: ON
 
label4
Create butt
Player 1973068128 has connected
passed :1
passed :1973068128
(561.567993, 373.233002)
[4, 1]
[3, 2]
changed
changed
flechas: 4
flechas: 3
flechas: 2
flechas: 1
flechas: 0
flechas: 0
changed
flechas: 3
flechas: 2
flechas: 1
i died: 1
game has ended, for all
passed :1
passed :1973068128
(561.567993, 373.233002)
[3, 0]
[1, 0]
ERROR: (Node not found: "CommonPool/1973068128/@KinematicArrow2D@69" (relative to "/root").)
   at: get_node (scene/main/node.cpp:1325) - Condition "!node" is true. Returned: nullptr
ERROR: Failed to get path from RPC: CommonPool/1973068128/@KinematicArrow2D@69.
   at: _process_get_node (core/io/multiplayer_api.cpp:251) - Failed to get path from RPC: CommonPool/1973068128/@KinematicArrow2D@69.
ERROR: Invalid packet received. Requested node was not found.
   at: _process_packet (core/io/multiplayer_api.cpp:203) - Condition "node == nullptr" is true.
ERROR: (Node not found: "CommonPool/1973068128/@KinematicArrow2D@69" (relative to "/root").)
   at: get_node (scene/main/node.cpp:1325) - Condition "!node" is true. Returned: nullptr
ERROR: Failed to get cached path from RPC: CommonPool/1973068128/@KinematicArrow2D@69.
   at: _process_get_node (core/io/multiplayer_api.cpp:267) - Failed to get cached path from RPC: CommonPool/1973068128/@KinematicArrow2D@69.
ERROR: Invalid packet received. Requested node was not found.
   at: _process_packet (core/io/multiplayer_api.cpp:203) - Condition "node == nullptr" is true.
ERROR: (Node not found: "CommonPool/1973068128/@KinematicArrow2D@69" (relative to "/root").)
   at: get_node (scene/main/node.cpp:1325) - Condition "!node" is true. Returned: nullptr
ERROR: Failed to get cached path from RPC: CommonPool/1973068128/@KinematicArrow2D@69.
   at: _process_get_node (core/io/multiplayer_api.cpp:267) - Failed to get cached path from RPC: CommonPool/1973068128/@KinematicArrow2D@69.
ERROR: Invalid packet received. Requested node was not found.
   at: _process_packet (core/io/multiplayer_api.cpp:203) - Condition "node == nullptr" is true.
changed
ERROR: (Node not found: "ConnPlayers/Node/@Node2D@56" (relative to "/root").)
   at: get_node (scene/main/node.cpp:1325) - Condition "!node" is true. Returned: nullptr
ERROR: Failed to get path from RPC: ConnPlayers/Node/@Node2D@56.
   at: _process_get_node (core/io/multiplayer_api.cpp:251) - Failed to get path from RPC: ConnPlayers/Node/@Node2D@56.
ERROR: Invalid packet received. Requested node was not found.
   at: _process_packet (core/io/multiplayer_api.cpp:203) - Condition "node == nullptr" is true.
changed
flechas: 3
flechas: 2
flechas: 1
flechas: 0
flechas: 0
changed
flechas: 3
flechas: 2
i died: 1
game has ended, for all
ERROR: (Node not found: "CommonPool/1973068128/platPlay" (relative to "/root").)
   at: get_node (scene/main/node.cpp:1325) - Condition "!node" is true. Returned: nullptr
ERROR: Failed to get cached path from RPC: CommonPool/1973068128/platPlay.
   at: _process_get_node (core/io/multiplayer_api.cpp:267) - Failed to get cached path from RPC: CommonPool/1973068128/platPlay.
ERROR: Invalid packet received. Requested node was not found.
   at: _process_packet (core/io/multiplayer_api.cpp:203) - Condition "node == nullptr" is true.
ERROR: (Node not found: "CommonPool/1973068128/platPlay" (relative to "/root").)
   at: get_node (scene/main/node.cpp:1325) - Condition "!node" is true. Returned: nullptr
ERROR: Failed to get cached path from RPC: CommonPool/1973068128/platPlay.
   at: _process_get_node (core/io/multiplayer_api.cpp:267) - Failed to get cached path from RPC: CommonPool/1973068128/platPlay.
ERROR: Invalid packet received. Requested node was not found.
   at: _process_packet (core/io/multiplayer_api.cpp:203) - Condition "node == nullptr" is true.
ERROR: (Node not found: "CommonPool/1973068128/platPlay" (relative to "/root").)
   at: get_node (scene/main/node.cpp:1325) - Condition "!node" is true. Returned: nullptr
ERROR: Failed to get cached path from RPC: CommonPool/1973068128/platPlay.
   at: _process_get_node (core/io/multiplayer_api.cpp:267) - Failed to get cached path from RPC: CommonPool/1973068128/platPlay.
ERROR: Invalid packet received. Requested node was not found.
   at: _process_packet (core/io/multiplayer_api.cpp:203) - Condition "node == nullptr" is true.
ERROR: (Node not found: "CommonPool/1973068128/platPlay" (relative to "/root").)
   at: get_node (scene/main/node.cpp:1325) - Condition "!node" is true. Returned: nullptr
ERROR: Failed to get cached path from RPC: CommonPool/1973068128/platPlay.
   at: _process_get_node (core/io/multiplayer_api.cpp:267) - Failed to get cached path from RPC: CommonPool/1973068128/platPlay.
ERROR: Invalid packet received. Requested node was not found.
   at: _process_packet (core/io/multiplayer_api.cpp:203) - Condition "node == nullptr" is true.
ERROR: (Node not found: "CommonPool/1973068128/platPlay" (relative to "/root").)
   at: get_node (scene/main/node.cpp:1325) - Condition "!node" is true. Returned: nullptr
ERROR: Failed to get cached path from RPC: CommonPool/1973068128/platPlay.
   at: _process_get_node (core/io/multiplayer_api.cpp:267) - Failed to get cached path from RPC: CommonPool/1973068128/platPlay.
ERROR: Invalid packet received. Requested node was not found.
   at: _process_packet (core/io/multiplayer_api.cpp:203) - Condition "node == nullptr" is true.
ERROR: (Node not found: "CommonPool/1973068128/platPlay" (relative to "/root").)
   at: get_node (scene/main/node.cpp:1325) - Condition "!node" is true. Returned: nullptr
ERROR: Failed to get cached path from RPC: CommonPool/1973068128/platPlay.
   at: _process_get_node (core/io/multiplayer_api.cpp:267) - Failed to get cached path from RPC: CommonPool/1973068128/platPlay.
ERROR: Invalid packet received. Requested node was not found.
   at: _process_packet (core/io/multiplayer_api.cpp:203) - Condition "node == nullptr" is true.
ERROR: (Node not found: "CommonPool/1973068128/platPlay" (relative to "/root").)
   at: get_node (scene/main/node.cpp:1325) - Condition "!node" is true. Returned: nullptr
ERROR: Failed to get cached path from RPC: CommonPool/1973068128/platPlay.
   at: _process_get_node (core/io/multiplayer_api.cpp:267) - Failed to get cached path from RPC: CommonPool/1973068128/platPlay.
ERROR: Invalid packet received. Requested node was not found.
   at: _process_packet (core/io/multiplayer_api.cpp:203) - Condition "node == nullptr" is true.
ERROR: (Node not found: "CommonPool/1973068128/platPlay" (relative to "/root").)
   at: get_node (scene/main/node.cpp:1325) - Condition "!node" is true. Returned: nullptr
ERROR: Failed to get cached path from RPC: CommonPool/1973068128/platPlay.
   at: _process_get_node (core/io/multiplayer_api.cpp:267) - Failed to get cached path from RPC: CommonPool/1973068128/platPlay.
ERROR: Invalid packet received. Requested node was not found.
   at: _process_packet (core/io/multiplayer_api.cpp:203) - Condition "node == nullptr" is true.
