Godot Engine v3.4.2.stable.official.45eaa2daf - https://godotengine.org
OpenGL ES 3.0 Renderer: NVIDIA GeForce GTX 1050/PCIe/SSE2
OpenGL ES Batching: ON
 
label4
Create butt
Player 2079753977 has connected
passed :1
passed :2079753977
(561.567993, 373.233002)
[4, 1]
[3, 2]
changed
flechas: 3
flechas: 2
flechas: 1
explote
flechas: 0
explote
flechas: 0
explote
fade
flechas: 0
fade
fade
fade
fade
changed
explote
explote
i died: 1
explote
game has ended, for all
ERROR: (Node not found: "CommonPool/2079753977/platPlay" (relative to "/root").)
   at: get_node (scene/main/node.cpp:1325) - Condition "!node" is true. Returned: nullptr
ERROR: Failed to get cached path from RPC: CommonPool/2079753977/platPlay.
   at: _process_get_node (core/io/multiplayer_api.cpp:267) - Failed to get cached path from RPC: CommonPool/2079753977/platPlay.
ERROR: Invalid packet received. Requested node was not found.
   at: _process_packet (core/io/multiplayer_api.cpp:203) - Condition "node == nullptr" is true.
ERROR: (Node not found: "CommonPool/2079753977/platPlay" (relative to "/root").)
   at: get_node (scene/main/node.cpp:1325) - Condition "!node" is true. Returned: nullptr
ERROR: Failed to get cached path from RPC: CommonPool/2079753977/platPlay.
   at: _process_get_node (core/io/multiplayer_api.cpp:267) - Failed to get cached path from RPC: CommonPool/2079753977/platPlay.
ERROR: Invalid packet received. Requested node was not found.
   at: _process_packet (core/io/multiplayer_api.cpp:203) - Condition "node == nullptr" is true.
ERROR: (Node not found: "CommonPool/2079753977/platPlay" (relative to "/root").)
   at: get_node (scene/main/node.cpp:1325) - Condition "!node" is true. Returned: nullptr
ERROR: Failed to get cached path from RPC: CommonPool/2079753977/platPlay.
   at: _process_get_node (core/io/multiplayer_api.cpp:267) - Failed to get cached path from RPC: CommonPool/2079753977/platPlay.
ERROR: Invalid packet received. Requested node was not found.
   at: _process_packet (core/io/multiplayer_api.cpp:203) - Condition "node == nullptr" is true.
ERROR: (Node not found: "CommonPool/2079753977/platPlay" (relative to "/root").)
   at: get_node (scene/main/node.cpp:1325) - Condition "!node" is true. Returned: nullptr
ERROR: Failed to get cached path from RPC: CommonPool/2079753977/platPlay.
   at: _process_get_node (core/io/multiplayer_api.cpp:267) - Failed to get cached path from RPC: CommonPool/2079753977/platPlay.
ERROR: Invalid packet received. Requested node was not found.
   at: _process_packet (core/io/multiplayer_api.cpp:203) - Condition "node == nullptr" is true.
ERROR: (Node not found: "CommonPool/2079753977/platPlay" (relative to "/root").)
   at: get_node (scene/main/node.cpp:1325) - Condition "!node" is true. Returned: nullptr
ERROR: Failed to get cached path from RPC: CommonPool/2079753977/platPlay.
   at: _process_get_node (core/io/multiplayer_api.cpp:267) - Failed to get cached path from RPC: CommonPool/2079753977/platPlay.
ERROR: Invalid packet received. Requested node was not found.
   at: _process_packet (core/io/multiplayer_api.cpp:203) - Condition "node == nullptr" is true.
ERROR: (Node not found: "CommonPool/2079753977/platPlay" (relative to "/root").)
   at: get_node (scene/main/node.cpp:1325) - Condition "!node" is true. Returned: nullptr
ERROR: Failed to get cached path from RPC: CommonPool/2079753977/platPlay.
   at: _process_get_node (core/io/multiplayer_api.cpp:267) - Failed to get cached path from RPC: CommonPool/2079753977/platPlay.
ERROR: Invalid packet received. Requested node was not found.
   at: _process_packet (core/io/multiplayer_api.cpp:203) - Condition "node == nullptr" is true.
ERROR: (Node not found: "CommonPool/2079753977/platPlay" (relative to "/root").)
   at: get_node (scene/main/node.cpp:1325) - Condition "!node" is true. Returned: nullptr
ERROR: Failed to get cached path from RPC: CommonPool/2079753977/platPlay.
   at: _process_get_node (core/io/multiplayer_api.cpp:267) - Failed to get cached path from RPC: CommonPool/2079753977/platPlay.
ERROR: Invalid packet received. Requested node was not found.
   at: _process_packet (core/io/multiplayer_api.cpp:203) - Condition "node == nullptr" is true.
ERROR: (Node not found: "CommonPool/2079753977/platPlay" (relative to "/root").)
   at: get_node (scene/main/node.cpp:1325) - Condition "!node" is true. Returned: nullptr
ERROR: Failed to get cached path from RPC: CommonPool/2079753977/platPlay.
   at: _process_get_node (core/io/multiplayer_api.cpp:267) - Failed to get cached path from RPC: CommonPool/2079753977/platPlay.
ERROR: Invalid packet received. Requested node was not found.
   at: _process_packet (core/io/multiplayer_api.cpp:203) - Condition "node == nullptr" is true.
ERROR: (Node not found: "CommonPool/2079753977/platPlay" (relative to "/root").)
   at: get_node (scene/main/node.cpp:1325) - Condition "!node" is true. Returned: nullptr
ERROR: Failed to get cached path from RPC: CommonPool/2079753977/platPlay.
   at: _process_get_node (core/io/multiplayer_api.cpp:267) - Failed to get cached path from RPC: CommonPool/2079753977/platPlay.
ERROR: Invalid packet received. Requested node was not found.
   at: _process_packet (core/io/multiplayer_api.cpp:203) - Condition "node == nullptr" is true.
ERROR: (Node not found: "CommonPool/2079753977/platPlay" (relative to "/root").)
   at: get_node (scene/main/node.cpp:1325) - Condition "!node" is true. Returned: nullptr
ERROR: Failed to get cached path from RPC: CommonPool/2079753977/platPlay.
   at: _process_get_node (core/io/multiplayer_api.cpp:267) - Failed to get cached path from RPC: CommonPool/2079753977/platPlay.
ERROR: Invalid packet received. Requested node was not found.
   at: _process_packet (core/io/multiplayer_api.cpp:203) - Condition "node == nullptr" is true.
ERROR: (Node not found: "CommonPool/2079753977/platPlay" (relative to "/root").)
   at: get_node (scene/main/node.cpp:1325) - Condition "!node" is true. Returned: nullptr
ERROR: Failed to get cached path from RPC: CommonPool/2079753977/platPlay.
   at: _process_get_node (core/io/multiplayer_api.cpp:267) - Failed to get cached path from RPC: CommonPool/2079753977/platPlay.
ERROR: Invalid packet received. Requested node was not found.
   at: _process_packet (core/io/multiplayer_api.cpp:203) - Condition "node == nullptr" is true.
ERROR: (Node not found: "CommonPool/2079753977/platPlay" (relative to "/root").)
   at: get_node (scene/main/node.cpp:1325) - Condition "!node" is true. Returned: nullptr
ERROR: Failed to get cached path from RPC: CommonPool/2079753977/platPlay.
   at: _process_get_node (core/io/multiplayer_api.cpp:267) - Failed to get cached path from RPC: CommonPool/2079753977/platPlay.
ERROR: Invalid packet received. Requested node was not found.
   at: _process_packet (core/io/multiplayer_api.cpp:203) - Condition "node == nullptr" is true.
ERROR: (Node not found: "CommonPool/2079753977/platPlay" (relative to "/root").)
   at: get_node (scene/main/node.cpp:1325) - Condition "!node" is true. Returned: nullptr
ERROR: Failed to get cached path from RPC: CommonPool/2079753977/platPlay.
   at: _process_get_node (core/io/multiplayer_api.cpp:267) - Failed to get cached path from RPC: CommonPool/2079753977/platPlay.
ERROR: Invalid packet received. Requested node was not found.
   at: _process_packet (core/io/multiplayer_api.cpp:203) - Condition "node == nullptr" is true.
ERROR: (Node not found: "CommonPool/2079753977/platPlay" (relative to "/root").)
   at: get_node (scene/main/node.cpp:1325) - Condition "!node" is true. Returned: nullptr
ERROR: Failed to get cached path from RPC: CommonPool/2079753977/platPlay.
   at: _process_get_node (core/io/multiplayer_api.cpp:267) - Failed to get cached path from RPC: CommonPool/2079753977/platPlay.
ERROR: Invalid packet received. Requested node was not found.
   at: _process_packet (core/io/multiplayer_api.cpp:203) - Condition "node == nullptr" is true.
ERROR: (Node not found: "CommonPool/2079753977/platPlay" (relative to "/root").)
   at: get_node (scene/main/node.cpp:1325) - Condition "!node" is true. Returned: nullptr
ERROR: Failed to get cached path from RPC: CommonPool/2079753977/platPlay.
   at: _process_get_node (core/io/multiplayer_api.cpp:267) - Failed to get cached path from RPC: CommonPool/2079753977/platPlay.
ERROR: Invalid packet received. Requested node was not found.
   at: _process_packet (core/io/multiplayer_api.cpp:203) - Condition "node == nullptr" is true.
ERROR: (Node not found: "CommonPool/2079753977/platPlay" (relative to "/root").)
   at: get_node (scene/main/node.cpp:1325) - Condition "!node" is true. Returned: nullptr
ERROR: Failed to get cached path from RPC: CommonPool/2079753977/platPlay.
   at: _process_get_node (core/io/multiplayer_api.cpp:267) - Failed to get cached path from RPC: CommonPool/2079753977/platPlay.
ERROR: Invalid packet received. Requested node was not found.
   at: _process_packet (core/io/multiplayer_api.cpp:203) - Condition "node == nullptr" is true.
ERROR: (Node not found: "CommonPool/2079753977/platPlay" (relative to "/root").)
   at: get_node (scene/main/node.cpp:1325) - Condition "!node" is true. Returned: nullptr
ERROR: Failed to get cached path from RPC: CommonPool/2079753977/platPlay.
   at: _process_get_node (core/io/multiplayer_api.cpp:267) - Failed to get cached path from RPC: CommonPool/2079753977/platPlay.
ERROR: Invalid packet received. Requested node was not found.
   at: _process_packet (core/io/multiplayer_api.cpp:203) - Condition "node == nullptr" is true.
ERROR: (Node not found: "CommonPool/2079753977/platPlay" (relative to "/root").)
   at: get_node (scene/main/node.cpp:1325) - Condition "!node" is true. Returned: nullptr
ERROR: Failed to get cached path from RPC: CommonPool/2079753977/platPlay.
   at: _process_get_node (core/io/multiplayer_api.cpp:267) - Failed to get cached path from RPC: CommonPool/2079753977/platPlay.
ERROR: Invalid packet received. Requested node was not found.
   at: _process_packet (core/io/multiplayer_api.cpp:203) - Condition "node == nullptr" is true.
ERROR: (Node not found: "CommonPool/2079753977/platPlay" (relative to "/root").)
   at: get_node (scene/main/node.cpp:1325) - Condition "!node" is true. Returned: nullptr
ERROR: Failed to get cached path from RPC: CommonPool/2079753977/platPlay.
   at: _process_get_node (core/io/multiplayer_api.cpp:267) - Failed to get cached path from RPC: CommonPool/2079753977/platPlay.
ERROR: Invalid packet received. Requested node was not found.
   at: _process_packet (core/io/multiplayer_api.cpp:203) - Condition "node == nullptr" is true.
ERROR: (Node not found: "CommonPool/2079753977/platPlay" (relative to "/root").)
   at: get_node (scene/main/node.cpp:1325) - Condition "!node" is true. Returned: nullptr
ERROR: Failed to get cached path from RPC: CommonPool/2079753977/platPlay.
   at: _process_get_node (core/io/multiplayer_api.cpp:267) - Failed to get cached path from RPC: CommonPool/2079753977/platPlay.
ERROR: Invalid packet received. Requested node was not found.
   at: _process_packet (core/io/multiplayer_api.cpp:203) - Condition "node == nullptr" is true.
ERROR: (Node not found: "CommonPool/2079753977/platPlay" (relative to "/root").)
   at: get_node (scene/main/node.cpp:1325) - Condition "!node" is true. Returned: nullptr
ERROR: Failed to get cached path from RPC: CommonPool/2079753977/platPlay.
   at: _process_get_node (core/io/multiplayer_api.cpp:267) - Failed to get cached path from RPC: CommonPool/2079753977/platPlay.
ERROR: Invalid packet received. Requested node was not found.
   at: _process_packet (core/io/multiplayer_api.cpp:203) - Condition "node == nullptr" is true.
ERROR: (Node not found: "CommonPool/2079753977/platPlay" (relative to "/root").)
   at: get_node (scene/main/node.cpp:1325) - Condition "!node" is true. Returned: nullptr
ERROR: Failed to get cached path from RPC: CommonPool/2079753977/platPlay.
   at: _process_get_node (core/io/multiplayer_api.cpp:267) - Failed to get cached path from RPC: CommonPool/2079753977/platPlay.
ERROR: Invalid packet received. Requested node was not found.
   at: _process_packet (core/io/multiplayer_api.cpp:203) - Condition "node == nullptr" is true.
ERROR: (Node not found: "CommonPool/2079753977/platPlay" (relative to "/root").)
   at: get_node (scene/main/node.cpp:1325) - Condition "!node" is true. Returned: nullptr
ERROR: Failed to get cached path from RPC: CommonPool/2079753977/platPlay.
   at: _process_get_node (core/io/multiplayer_api.cpp:267) - Failed to get cached path from RPC: CommonPool/2079753977/platPlay.
ERROR: Invalid packet received. Requested node was not found.
   at: _process_packet (core/io/multiplayer_api.cpp:203) - Condition "node == nullptr" is true.
ERROR: (Node not found: "CommonPool/2079753977/platPlay" (relative to "/root").)
   at: get_node (scene/main/node.cpp:1325) - Condition "!node" is true. Returned: nullptr
ERROR: Failed to get cached path from RPC: CommonPool/2079753977/platPlay.
   at: _process_get_node (core/io/multiplayer_api.cpp:267) - Failed to get cached path from RPC: CommonPool/2079753977/platPlay.
ERROR: Invalid packet received. Requested node was not found.
   at: _process_packet (core/io/multiplayer_api.cpp:203) - Condition "node == nullptr" is true.
ERROR: (Node not found: "CommonPool/2079753977/platPlay" (relative to "/root").)
   at: get_node (scene/main/node.cpp:1325) - Condition "!node" is true. Returned: nullptr
ERROR: Failed to get cached path from RPC: CommonPool/2079753977/platPlay.
   at: _process_get_node (core/io/multiplayer_api.cpp:267) - Failed to get cached path from RPC: CommonPool/2079753977/platPlay.
ERROR: Invalid packet received. Requested node was not found.
   at: _process_packet (core/io/multiplayer_api.cpp:203) - Condition "node == nullptr" is true.
ERROR: (Node not found: "CommonPool/2079753977/platPlay" (relative to "/root").)
   at: get_node (scene/main/node.cpp:1325) - Condition "!node" is true. Returned: nullptr
ERROR: Failed to get cached path from RPC: CommonPool/2079753977/platPlay.
   at: _process_get_node (core/io/multiplayer_api.cpp:267) - Failed to get cached path from RPC: CommonPool/2079753977/platPlay.
ERROR: Invalid packet received. Requested node was not found.
   at: _process_packet (core/io/multiplayer_api.cpp:203) - Condition "node == nullptr" is true.
ERROR: (Node not found: "CommonPool/2079753977/platPlay" (relative to "/root").)
   at: get_node (scene/main/node.cpp:1325) - Condition "!node" is true. Returned: nullptr
ERROR: Failed to get cached path from RPC: CommonPool/2079753977/platPlay.
   at: _process_get_node (core/io/multiplayer_api.cpp:267) - Failed to get cached path from RPC: CommonPool/2079753977/platPlay.
ERROR: Invalid packet received. Requested node was not found.
   at: _process_packet (core/io/multiplayer_api.cpp:203) - Condition "node == nullptr" is true.
