Godot Engine v3.4.2.stable.official.45eaa2daf - https://godotengine.org
OpenGL ES 3.0 Renderer: NVIDIA GeForce GTX 1050/PCIe/SSE2
OpenGL ES Batching: ON
 
label4
Create butt
passed :1
(273.355591, 177.570999)
[4]
[3]
starting
stop
shoot
starting
stop
shoot
starting
stop
shoot
starting
stop
shoot
starting
stop
shoot
starting
stop
shoot
starting
stop
shoot
starting
stop
shoot
starting
stop
shoot
starting
stop
shoot
starting
stop
shoot
starting
stop
shoot
starting
stop
shoot
starting
stop
shoot
starting
stop
shoot
