Godot Engine v3.4.2.stable.official.45eaa2daf - https://godotengine.org
OpenGL ES 3.0 Renderer: NVIDIA GeForce GTX 1050/PCIe/SSE2
OpenGL ES Batching: ON
 
label1
my pos is(0, 0)
my pos is(0, 0)
my pos is(0, 0)
my pos is(0, 0)
started
send start
finished
send shoot
start shoot
25
hit called
1128.460236
1068.955048
799.162964
moving
end pos(0, -50)
started
send start
finished
send shoot
start shoot
5
hit called
1128.460236
1068.955048
816.333313
started
send start
finished
send shoot
start shoot
40
started
send start
finished
send shoot
start shoot
36
started
send start
finished
send shoot
start shoot
52
hit called
2364.328308
2304.823181
1757.224487
moving
end pos(0, -50)
started
send start
finished
send shoot
start shoot
0
started
send start
finished
send shoot
start shoot
0
started
send start
finished
send shoot
start shoot
0
started
send start
finished
send shoot
start shoot
0
started
send start
finished
send shoot
start shoot
0
started
send start
finished
send shoot
start shoot
0
started
send start
finished
send shoot
start shoot
51
hit called
4617.188477
4557.68335
3457.24707
moving
end pos(0, -50)
started
send start
finished
send shoot
start shoot
48
hit called
6263.428101
6203.922729
4664.391602
moving
end pos(0, -50)
started
send start
finished
send shoot
start shoot
22
started
send start
finished
send shoot
start shoot
0
started
send start
hit called
finished
send shoot
start shoot
0
started
send start
finished
send shoot
start shoot
0
started
send start
hit called
hit called
hit called
finished
send shoot
start shoot
3
started
send start
hit called
finished
send shoot
start shoot
0
started
send start
hit called
finished
send shoot
start shoot
0
started
send start
hit called
finished
send shoot
start shoot
0
hit called
started
send start
finished
send shoot
start shoot
0
hit called
started
send start
finished
send shoot
start shoot
0
hit called
I've been hit
(-900, -900)
I've been hit
(900, -900)
I've been hit
(-900, -900)
I've been hit
(900, -900)
I've been hit
(900, -900)
I've been hit
(-900, -900)
I've been hit
(-900, -900)
I've been hit
(-900, -900)
I've been hit
(-900, -900)
I've been hit
(-900, -900)
i Die
