Godot Engine v3.4.2.stable.official.45eaa2daf - https://godotengine.org
OpenGL ES 3.0 Renderer: NVIDIA GeForce GTX 1050/PCIe/SSE2
OpenGL ES Batching: ON
 
label1
my pos is(0, 0)
my pos is(0, 0)
my pos is(0, 0)
my pos is(0, 0)
started
send start
finished
send shoot
start shoot
12
hit called
1128.460236
1068.955048
806.107117
moving
end pos(0, -50)
started
send start
finished
send shoot
start shoot
30
started
send start
finished
send shoot
start shoot
57
hit called
2364.328308
2304.823181
1759.152832
moving
end pos(0, -50)
started
send start
finished
send shoot
start shoot
88
started
send start
finished
send shoot
start shoot
42
hit called
4617.188477
4557.68335
3442.131104
moving
end pos(0, -50)
