Godot Engine v3.4.2.stable.official.45eaa2daf - https://godotengine.org
OpenGL ES 3.0 Renderer: NVIDIA GeForce GTX 1050/PCIe/SSE2
OpenGL ES Batching: ON
 
label1
my pos is(0, 0)
my pos is(0, 0)
my pos is(0, 0)
my pos is(0, 0)
started
send start
finished
send shoot
start shoot
23
hit called
1128.460236
1068.955048
796.671448
moving
end pos(0, -50)
1
started
send start
finished
send shoot
start shoot
54
started
send start
finished
send shoot
start shoot
48
started
send start
finished
send shoot
start shoot
51
hit called
2364.328308
2304.823181
1722.464233
moving
end pos(0, -50)
started
send start
finished
send shoot
start shoot
76
started
send start
finished
send shoot
start shoot
51
started
send start
finished
send shoot
start shoot
48
hit called
4617.188477
4557.68335
3412.726074
moving
end pos(0, -50)
started
send start
finished
send shoot
start shoot
100
started
send start
finished
send shoot
start shoot
100
started
send start
finished
send shoot
start shoot
92
hit called
6263.428101
6203.922729
4676.999512
moving
end pos(0, -50)
started
send start
finished
send shoot
start shoot
100
hit called
I've been hit
(900, -900)
1
yes
I've been hit
(900, -900)
I've been hit
(-900, -900)
I've been hit
(-900, -900)
I've been hit
(900, -900)
I've been hit
(-900, -900)
I've been hit
(-900, -900)
I've been hit
(-900, -900)
I've been hit
(-900, -900)
I've been hit
(-900, -900)
1
yes
