Godot Engine v3.4.2.stable.official.45eaa2daf - https://godotengine.org
OpenGL ES 3.0 Renderer: NVIDIA GeForce GTX 1050/PCIe/SSE2
OpenGL ES Batching: ON
 
label1
ERROR: Cannot get path of node as it is not in a scene tree.
   at: get_path (scene/main/node.cpp:1587) - Condition "!is_inside_tree()" is true. Returned: NodePath()
ERROR: (Node not found: "MarginContainer/ColorRect/VBoxContainer/HBoxContainer/VBoxContainer/Label2" (relative to "").)
   at: get_node (scene/main/node.cpp:1325) - Condition "!node" is true. Returned: nullptr
label1
my pos is(0, 0)
my pos is(0, 0)
my pos is(0, 0)
my pos is(0, 0)
my pos is(0, 0)
1128.460236
1068.955048
795.302368
moving
end pos(0, -50)
2364.328308
2304.823181
1718.85498
moving
end pos(0, -50)
1
4617.188477
4557.68335
3439.919678
moving
end pos(0, -50)
6263.428101
6203.922729
4701.058594
moving
end pos(0, -50)
I've been hit
1
I've been hit
1
moving
end pos(0, -50)
died once more1
