Godot Engine v3.4.2.stable.official.45eaa2daf - https://godotengine.org
OpenGL ES 3.0 Renderer: NVIDIA GeForce GTX 1050/PCIe/SSE2
OpenGL ES Batching: ON
 
label4
Create butt
Player 1043874295 has connected
passed :1
passed :1043874295
[1:[Node:2227], 1043874295:[Node:2659]]
ERROR: (Node not found: "CommonPool/1043874295/@KinematicArrow2D@17" (relative to "/root").)
   at: get_node (scene/main/node.cpp:1325) - Condition "!node" is true. Returned: nullptr
ERROR: Failed to get path from RPC: CommonPool/1043874295/@KinematicArrow2D@17.
   at: _process_get_node (core/io/multiplayer_api.cpp:251) - Failed to get path from RPC: CommonPool/1043874295/@KinematicArrow2D@17.
ERROR: Invalid packet received. Requested node was not found.
   at: _process_packet (core/io/multiplayer_api.cpp:203) - Condition "node == nullptr" is true.
ERROR: (Node not found: "CommonPool/1043874295/@KinematicArrow2D@18" (relative to "/root").)
   at: get_node (scene/main/node.cpp:1325) - Condition "!node" is true. Returned: nullptr
ERROR: Failed to get path from RPC: CommonPool/1043874295/@KinematicArrow2D@18.
   at: _process_get_node (core/io/multiplayer_api.cpp:251) - Failed to get path from RPC: CommonPool/1043874295/@KinematicArrow2D@18.
ERROR: Invalid packet received. Requested node was not found.
   at: _process_packet (core/io/multiplayer_api.cpp:203) - Condition "node == nullptr" is true.
ERROR: (Node not found: "CommonPool/1043874295/@KinematicArrow2D@20" (relative to "/root").)
   at: get_node (scene/main/node.cpp:1325) - Condition "!node" is true. Returned: nullptr
ERROR: Failed to get path from RPC: CommonPool/1043874295/@KinematicArrow2D@20.
   at: _process_get_node (core/io/multiplayer_api.cpp:251) - Failed to get path from RPC: CommonPool/1043874295/@KinematicArrow2D@20.
ERROR: Invalid packet received. Requested node was not found.
   at: _process_packet (core/io/multiplayer_api.cpp:203) - Condition "node == nullptr" is true.
ERROR: (Node not found: "CommonPool/1043874295/@KinematicArrow2D@24" (relative to "/root").)
   at: get_node (scene/main/node.cpp:1325) - Condition "!node" is true. Returned: nullptr
ERROR: Failed to get path from RPC: CommonPool/1043874295/@KinematicArrow2D@24.
   at: _process_get_node (core/io/multiplayer_api.cpp:251) - Failed to get path from RPC: CommonPool/1043874295/@KinematicArrow2D@24.
ERROR: Invalid packet received. Requested node was not found.
   at: _process_packet (core/io/multiplayer_api.cpp:203) - Condition "node == nullptr" is true.
ERROR: (Node not found: "CommonPool/1043874295/@KinematicArrow2D@26" (relative to "/root").)
   at: get_node (scene/main/node.cpp:1325) - Condition "!node" is true. Returned: nullptr
ERROR: Failed to get path from RPC: CommonPool/1043874295/@KinematicArrow2D@26.
   at: _process_get_node (core/io/multiplayer_api.cpp:251) - Failed to get path from RPC: CommonPool/1043874295/@KinematicArrow2D@26.
ERROR: Invalid packet received. Requested node was not found.
   at: _process_packet (core/io/multiplayer_api.cpp:203) - Condition "node == nullptr" is true.
ERROR: (Node not found: "CommonPool/1043874295/@KinematicArrow2D@28" (relative to "/root").)
   at: get_node (scene/main/node.cpp:1325) - Condition "!node" is true. Returned: nullptr
ERROR: Failed to get path from RPC: CommonPool/1043874295/@KinematicArrow2D@28.
   at: _process_get_node (core/io/multiplayer_api.cpp:251) - Failed to get path from RPC: CommonPool/1043874295/@KinematicArrow2D@28.
ERROR: Invalid packet received. Requested node was not found.
   at: _process_packet (core/io/multiplayer_api.cpp:203) - Condition "node == nullptr" is true.
ERROR: (Node not found: "CommonPool/1043874295/@KinematicArrow2D@29" (relative to "/root").)
   at: get_node (scene/main/node.cpp:1325) - Condition "!node" is true. Returned: nullptr
ERROR: Failed to get path from RPC: CommonPool/1043874295/@KinematicArrow2D@29.
   at: _process_get_node (core/io/multiplayer_api.cpp:251) - Failed to get path from RPC: CommonPool/1043874295/@KinematicArrow2D@29.
ERROR: Invalid packet received. Requested node was not found.
   at: _process_packet (core/io/multiplayer_api.cpp:203) - Condition "node == nullptr" is true.
ERROR: (Node not found: "CommonPool/1043874295/@KinematicArrow2D@30" (relative to "/root").)
   at: get_node (scene/main/node.cpp:1325) - Condition "!node" is true. Returned: nullptr
ERROR: Failed to get path from RPC: CommonPool/1043874295/@KinematicArrow2D@30.
   at: _process_get_node (core/io/multiplayer_api.cpp:251) - Failed to get path from RPC: CommonPool/1043874295/@KinematicArrow2D@30.
ERROR: Invalid packet received. Requested node was not found.
   at: _process_packet (core/io/multiplayer_api.cpp:203) - Condition "node == nullptr" is true.
ERROR: (Node not found: "CommonPool/1043874295/@KinematicArrow2D@32" (relative to "/root").)
   at: get_node (scene/main/node.cpp:1325) - Condition "!node" is true. Returned: nullptr
ERROR: Failed to get path from RPC: CommonPool/1043874295/@KinematicArrow2D@32.
   at: _process_get_node (core/io/multiplayer_api.cpp:251) - Failed to get path from RPC: CommonPool/1043874295/@KinematicArrow2D@32.
ERROR: Invalid packet received. Requested node was not found.
   at: _process_packet (core/io/multiplayer_api.cpp:203) - Condition "node == nullptr" is true.
ERROR: (Node not found: "CommonPool/1043874295/@KinematicArrow2D@33" (relative to "/root").)
   at: get_node (scene/main/node.cpp:1325) - Condition "!node" is true. Returned: nullptr
ERROR: Failed to get path from RPC: CommonPool/1043874295/@KinematicArrow2D@33.
   at: _process_get_node (core/io/multiplayer_api.cpp:251) - Failed to get path from RPC: CommonPool/1043874295/@KinematicArrow2D@33.
ERROR: Invalid packet received. Requested node was not found.
   at: _process_packet (core/io/multiplayer_api.cpp:203) - Condition "node == nullptr" is true.
ERROR: (Node not found: "CommonPool/1043874295/@KinematicArrow2D@34" (relative to "/root").)
   at: get_node (scene/main/node.cpp:1325) - Condition "!node" is true. Returned: nullptr
ERROR: Failed to get path from RPC: CommonPool/1043874295/@KinematicArrow2D@34.
   at: _process_get_node (core/io/multiplayer_api.cpp:251) - Failed to get path from RPC: CommonPool/1043874295/@KinematicArrow2D@34.
ERROR: Invalid packet received. Requested node was not found.
   at: _process_packet (core/io/multiplayer_api.cpp:203) - Condition "node == nullptr" is true.
ERROR: (Node not found: "CommonPool/1043874295/@KinematicArrow2D@35" (relative to "/root").)
   at: get_node (scene/main/node.cpp:1325) - Condition "!node" is true. Returned: nullptr
ERROR: Failed to get path from RPC: CommonPool/1043874295/@KinematicArrow2D@35.
   at: _process_get_node (core/io/multiplayer_api.cpp:251) - Failed to get path from RPC: CommonPool/1043874295/@KinematicArrow2D@35.
ERROR: Invalid packet received. Requested node was not found.
   at: _process_packet (core/io/multiplayer_api.cpp:203) - Condition "node == nullptr" is true.
ERROR: (Node not found: "CommonPool/1043874295/@KinematicArrow2D@37" (relative to "/root").)
   at: get_node (scene/main/node.cpp:1325) - Condition "!node" is true. Returned: nullptr
ERROR: Failed to get path from RPC: CommonPool/1043874295/@KinematicArrow2D@37.
   at: _process_get_node (core/io/multiplayer_api.cpp:251) - Failed to get path from RPC: CommonPool/1043874295/@KinematicArrow2D@37.
ERROR: Invalid packet received. Requested node was not found.
   at: _process_packet (core/io/multiplayer_api.cpp:203) - Condition "node == nullptr" is true.
ERROR: (Node not found: "CommonPool/1043874295/@KinematicArrow2D@38" (relative to "/root").)
   at: get_node (scene/main/node.cpp:1325) - Condition "!node" is true. Returned: nullptr
ERROR: Failed to get path from RPC: CommonPool/1043874295/@KinematicArrow2D@38.
   at: _process_get_node (core/io/multiplayer_api.cpp:251) - Failed to get path from RPC: CommonPool/1043874295/@KinematicArrow2D@38.
ERROR: Invalid packet received. Requested node was not found.
   at: _process_packet (core/io/multiplayer_api.cpp:203) - Condition "node == nullptr" is true.
ERROR: (Node not found: "CommonPool/1043874295/@KinematicArrow2D@35" (relative to "/root").)
   at: get_node (scene/main/node.cpp:1325) - Condition "!node" is true. Returned: nullptr
ERROR: Failed to get cached path from RPC: CommonPool/1043874295/@KinematicArrow2D@35.
   at: _process_get_node (core/io/multiplayer_api.cpp:267) - Failed to get cached path from RPC: CommonPool/1043874295/@KinematicArrow2D@35.
ERROR: Invalid packet received. Requested node was not found.
   at: _process_packet (core/io/multiplayer_api.cpp:203) - Condition "node == nullptr" is true.
ERROR: (Node not found: "CommonPool/1043874295/@KinematicArrow2D@41" (relative to "/root").)
   at: get_node (scene/main/node.cpp:1325) - Condition "!node" is true. Returned: nullptr
ERROR: Failed to get path from RPC: CommonPool/1043874295/@KinematicArrow2D@41.
   at: _process_get_node (core/io/multiplayer_api.cpp:251) - Failed to get path from RPC: CommonPool/1043874295/@KinematicArrow2D@41.
ERROR: Invalid packet received. Requested node was not found.
   at: _process_packet (core/io/multiplayer_api.cpp:203) - Condition "node == nullptr" is true.
ERROR: (Node not found: "CommonPool/1043874295/@KinematicArrow2D@42" (relative to "/root").)
   at: get_node (scene/main/node.cpp:1325) - Condition "!node" is true. Returned: nullptr
ERROR: Failed to get path from RPC: CommonPool/1043874295/@KinematicArrow2D@42.
   at: _process_get_node (core/io/multiplayer_api.cpp:251) - Failed to get path from RPC: CommonPool/1043874295/@KinematicArrow2D@42.
ERROR: Invalid packet received. Requested node was not found.
   at: _process_packet (core/io/multiplayer_api.cpp:203) - Condition "node == nullptr" is true.
ERROR: (Node not found: "CommonPool/1043874295/@KinematicArrow2D@44" (relative to "/root").)
   at: get_node (scene/main/node.cpp:1325) - Condition "!node" is true. Returned: nullptr
ERROR: Failed to get path from RPC: CommonPool/1043874295/@KinematicArrow2D@44.
   at: _process_get_node (core/io/multiplayer_api.cpp:251) - Failed to get path from RPC: CommonPool/1043874295/@KinematicArrow2D@44.
ERROR: Invalid packet received. Requested node was not found.
   at: _process_packet (core/io/multiplayer_api.cpp:203) - Condition "node == nullptr" is true.
ERROR: (Node not found: "CommonPool/1043874295/@KinematicArrow2D@46" (relative to "/root").)
   at: get_node (scene/main/node.cpp:1325) - Condition "!node" is true. Returned: nullptr
ERROR: Failed to get path from RPC: CommonPool/1043874295/@KinematicArrow2D@46.
   at: _process_get_node (core/io/multiplayer_api.cpp:251) - Failed to get path from RPC: CommonPool/1043874295/@KinematicArrow2D@46.
ERROR: Invalid packet received. Requested node was not found.
   at: _process_packet (core/io/multiplayer_api.cpp:203) - Condition "node == nullptr" is true.
ERROR: (Node not found: "CommonPool/1043874295/@KinematicArrow2D@47" (relative to "/root").)
   at: get_node (scene/main/node.cpp:1325) - Condition "!node" is true. Returned: nullptr
ERROR: Failed to get path from RPC: CommonPool/1043874295/@KinematicArrow2D@47.
   at: _process_get_node (core/io/multiplayer_api.cpp:251) - Failed to get path from RPC: CommonPool/1043874295/@KinematicArrow2D@47.
ERROR: Invalid packet received. Requested node was not found.
   at: _process_packet (core/io/multiplayer_api.cpp:203) - Condition "node == nullptr" is true.
ERROR: (Node not found: "CommonPool/1043874295/@KinematicArrow2D@49" (relative to "/root").)
   at: get_node (scene/main/node.cpp:1325) - Condition "!node" is true. Returned: nullptr
ERROR: Failed to get path from RPC: CommonPool/1043874295/@KinematicArrow2D@49.
   at: _process_get_node (core/io/multiplayer_api.cpp:251) - Failed to get path from RPC: CommonPool/1043874295/@KinematicArrow2D@49.
ERROR: Invalid packet received. Requested node was not found.
   at: _process_packet (core/io/multiplayer_api.cpp:203) - Condition "node == nullptr" is true.
ERROR: (Node not found: "CommonPool/1043874295/@KinematicArrow2D@51" (relative to "/root").)
   at: get_node (scene/main/node.cpp:1325) - Condition "!node" is true. Returned: nullptr
ERROR: Failed to get path from RPC: CommonPool/1043874295/@KinematicArrow2D@51.
   at: _process_get_node (core/io/multiplayer_api.cpp:251) - Failed to get path from RPC: CommonPool/1043874295/@KinematicArrow2D@51.
ERROR: Invalid packet received. Requested node was not found.
   at: _process_packet (core/io/multiplayer_api.cpp:203) - Condition "node == nullptr" is true.
ERROR: (Node not found: "CommonPool/1043874295/@KinematicArrow2D@53" (relative to "/root").)
   at: get_node (scene/main/node.cpp:1325) - Condition "!node" is true. Returned: nullptr
ERROR: Failed to get path from RPC: CommonPool/1043874295/@KinematicArrow2D@53.
   at: _process_get_node (core/io/multiplayer_api.cpp:251) - Failed to get path from RPC: CommonPool/1043874295/@KinematicArrow2D@53.
ERROR: Invalid packet received. Requested node was not found.
   at: _process_packet (core/io/multiplayer_api.cpp:203) - Condition "node == nullptr" is true.
ERROR: (Node not found: "CommonPool/1043874295/@KinematicArrow2D@55" (relative to "/root").)
   at: get_node (scene/main/node.cpp:1325) - Condition "!node" is true. Returned: nullptr
ERROR: Failed to get path from RPC: CommonPool/1043874295/@KinematicArrow2D@55.
   at: _process_get_node (core/io/multiplayer_api.cpp:251) - Failed to get path from RPC: CommonPool/1043874295/@KinematicArrow2D@55.
ERROR: Invalid packet received. Requested node was not found.
   at: _process_packet (core/io/multiplayer_api.cpp:203) - Condition "node == nullptr" is true.
ERROR: (Node not found: "CommonPool/1043874295/@KinematicArrow2D@57" (relative to "/root").)
   at: get_node (scene/main/node.cpp:1325) - Condition "!node" is true. Returned: nullptr
ERROR: Failed to get path from RPC: CommonPool/1043874295/@KinematicArrow2D@57.
   at: _process_get_node (core/io/multiplayer_api.cpp:251) - Failed to get path from RPC: CommonPool/1043874295/@KinematicArrow2D@57.
ERROR: Invalid packet received. Requested node was not found.
   at: _process_packet (core/io/multiplayer_api.cpp:203) - Condition "node == nullptr" is true.
ERROR: (Node not found: "CommonPool/1043874295/@KinematicArrow2D@59" (relative to "/root").)
   at: get_node (scene/main/node.cpp:1325) - Condition "!node" is true. Returned: nullptr
ERROR: Failed to get path from RPC: CommonPool/1043874295/@KinematicArrow2D@59.
   at: _process_get_node (core/io/multiplayer_api.cpp:251) - Failed to get path from RPC: CommonPool/1043874295/@KinematicArrow2D@59.
ERROR: Invalid packet received. Requested node was not found.
   at: _process_packet (core/io/multiplayer_api.cpp:203) - Condition "node == nullptr" is true.
ERROR: (Node not found: "CommonPool/1043874295/@KinematicArrow2D@61" (relative to "/root").)
   at: get_node (scene/main/node.cpp:1325) - Condition "!node" is true. Returned: nullptr
ERROR: Failed to get path from RPC: CommonPool/1043874295/@KinematicArrow2D@61.
   at: _process_get_node (core/io/multiplayer_api.cpp:251) - Failed to get path from RPC: CommonPool/1043874295/@KinematicArrow2D@61.
ERROR: Invalid packet received. Requested node was not found.
   at: _process_packet (core/io/multiplayer_api.cpp:203) - Condition "node == nullptr" is true.
ERROR: (Node not found: "CommonPool/1043874295/@KinematicArrow2D@62" (relative to "/root").)
   at: get_node (scene/main/node.cpp:1325) - Condition "!node" is true. Returned: nullptr
ERROR: Failed to get path from RPC: CommonPool/1043874295/@KinematicArrow2D@62.
   at: _process_get_node (core/io/multiplayer_api.cpp:251) - Failed to get path from RPC: CommonPool/1043874295/@KinematicArrow2D@62.
ERROR: Invalid packet received. Requested node was not found.
   at: _process_packet (core/io/multiplayer_api.cpp:203) - Condition "node == nullptr" is true.
ERROR: (Node not found: "CommonPool/1043874295/@KinematicArrow2D@64" (relative to "/root").)
   at: get_node (scene/main/node.cpp:1325) - Condition "!node" is true. Returned: nullptr
ERROR: Failed to get path from RPC: CommonPool/1043874295/@KinematicArrow2D@64.
   at: _process_get_node (core/io/multiplayer_api.cpp:251) - Failed to get path from RPC: CommonPool/1043874295/@KinematicArrow2D@64.
ERROR: Invalid packet received. Requested node was not found.
   at: _process_packet (core/io/multiplayer_api.cpp:203) - Condition "node == nullptr" is true.
ERROR: (Node not found: "CommonPool/1043874295/@KinematicArrow2D@61" (relative to "/root").)
   at: get_node (scene/main/node.cpp:1325) - Condition "!node" is true. Returned: nullptr
ERROR: Failed to get cached path from RPC: CommonPool/1043874295/@KinematicArrow2D@61.
   at: _process_get_node (core/io/multiplayer_api.cpp:267) - Failed to get cached path from RPC: CommonPool/1043874295/@KinematicArrow2D@61.
ERROR: Invalid packet received. Requested node was not found.
   at: _process_packet (core/io/multiplayer_api.cpp:203) - Condition "node == nullptr" is true.
ERROR: (Node not found: "CommonPool/1043874295/@KinematicArrow2D@65" (relative to "/root").)
   at: get_node (scene/main/node.cpp:1325) - Condition "!node" is true. Returned: nullptr
ERROR: Failed to get path from RPC: CommonPool/1043874295/@KinematicArrow2D@65.
   at: _process_get_node (core/io/multiplayer_api.cpp:251) - Failed to get path from RPC: CommonPool/1043874295/@KinematicArrow2D@65.
ERROR: Invalid packet received. Requested node was not found.
   at: _process_packet (core/io/multiplayer_api.cpp:203) - Condition "node == nullptr" is true.
ERROR: (Node not found: "CommonPool/1043874295/@KinematicArrow2D@67" (relative to "/root").)
   at: get_node (scene/main/node.cpp:1325) - Condition "!node" is true. Returned: nullptr
ERROR: Failed to get path from RPC: CommonPool/1043874295/@KinematicArrow2D@67.
   at: _process_get_node (core/io/multiplayer_api.cpp:251) - Failed to get path from RPC: CommonPool/1043874295/@KinematicArrow2D@67.
ERROR: Invalid packet received. Requested node was not found.
   at: _process_packet (core/io/multiplayer_api.cpp:203) - Condition "node == nullptr" is true.
ERROR: (Node not found: "CommonPool/1043874295/@KinematicArrow2D@65" (relative to "/root").)
   at: get_node (scene/main/node.cpp:1325) - Condition "!node" is true. Returned: nullptr
ERROR: Failed to get cached path from RPC: CommonPool/1043874295/@KinematicArrow2D@65.
   at: _process_get_node (core/io/multiplayer_api.cpp:267) - Failed to get cached path from RPC: CommonPool/1043874295/@KinematicArrow2D@65.
ERROR: Invalid packet received. Requested node was not found.
   at: _process_packet (core/io/multiplayer_api.cpp:203) - Condition "node == nullptr" is true.
ERROR: (Node not found: "CommonPool/1043874295/@KinematicArrow2D@68" (relative to "/root").)
   at: get_node (scene/main/node.cpp:1325) - Condition "!node" is true. Returned: nullptr
ERROR: Failed to get path from RPC: CommonPool/1043874295/@KinematicArrow2D@68.
   at: _process_get_node (core/io/multiplayer_api.cpp:251) - Failed to get path from RPC: CommonPool/1043874295/@KinematicArrow2D@68.
ERROR: Invalid packet received. Requested node was not found.
   at: _process_packet (core/io/multiplayer_api.cpp:203) - Condition "node == nullptr" is true.
ERROR: (Node not found: "CommonPool/1043874295/@KinematicArrow2D@67" (relative to "/root").)
   at: get_node (scene/main/node.cpp:1325) - Condition "!node" is true. Returned: nullptr
ERROR: Failed to get cached path from RPC: CommonPool/1043874295/@KinematicArrow2D@67.
   at: _process_get_node (core/io/multiplayer_api.cpp:267) - Failed to get cached path from RPC: CommonPool/1043874295/@KinematicArrow2D@67.
ERROR: Invalid packet received. Requested node was not found.
   at: _process_packet (core/io/multiplayer_api.cpp:203) - Condition "node == nullptr" is true.
ERROR: (Node not found: "CommonPool/1043874295/@KinematicArrow2D@69" (relative to "/root").)
   at: get_node (scene/main/node.cpp:1325) - Condition "!node" is true. Returned: nullptr
ERROR: Failed to get path from RPC: CommonPool/1043874295/@KinematicArrow2D@69.
   at: _process_get_node (core/io/multiplayer_api.cpp:251) - Failed to get path from RPC: CommonPool/1043874295/@KinematicArrow2D@69.
ERROR: Invalid packet received. Requested node was not found.
   at: _process_packet (core/io/multiplayer_api.cpp:203) - Condition "node == nullptr" is true.
ERROR: (Node not found: "CommonPool/1043874295/@KinematicArrow2D@70" (relative to "/root").)
   at: get_node (scene/main/node.cpp:1325) - Condition "!node" is true. Returned: nullptr
ERROR: Failed to get path from RPC: CommonPool/1043874295/@KinematicArrow2D@70.
   at: _process_get_node (core/io/multiplayer_api.cpp:251) - Failed to get path from RPC: CommonPool/1043874295/@KinematicArrow2D@70.
ERROR: Invalid packet received. Requested node was not found.
   at: _process_packet (core/io/multiplayer_api.cpp:203) - Condition "node == nullptr" is true.
ERROR: (Node not found: "CommonPool/1043874295/@KinematicArrow2D@68" (relative to "/root").)
   at: get_node (scene/main/node.cpp:1325) - Condition "!node" is true. Returned: nullptr
ERROR: Failed to get cached path from RPC: CommonPool/1043874295/@KinematicArrow2D@68.
   at: _process_get_node (core/io/multiplayer_api.cpp:267) - Failed to get cached path from RPC: CommonPool/1043874295/@KinematicArrow2D@68.
ERROR: Invalid packet received. Requested node was not found.
   at: _process_packet (core/io/multiplayer_api.cpp:203) - Condition "node == nullptr" is true.
ERROR: (Node not found: "CommonPool/1043874295/@KinematicArrow2D@72" (relative to "/root").)
   at: get_node (scene/main/node.cpp:1325) - Condition "!node" is true. Returned: nullptr
ERROR: Failed to get path from RPC: CommonPool/1043874295/@KinematicArrow2D@72.
   at: _process_get_node (core/io/multiplayer_api.cpp:251) - Failed to get path from RPC: CommonPool/1043874295/@KinematicArrow2D@72.
ERROR: Invalid packet received. Requested node was not found.
   at: _process_packet (core/io/multiplayer_api.cpp:203) - Condition "node == nullptr" is true.
ERROR: (Node not found: "CommonPool/1043874295/@KinematicArrow2D@73" (relative to "/root").)
   at: get_node (scene/main/node.cpp:1325) - Condition "!node" is true. Returned: nullptr
ERROR: Failed to get path from RPC: CommonPool/1043874295/@KinematicArrow2D@73.
   at: _process_get_node (core/io/multiplayer_api.cpp:251) - Failed to get path from RPC: CommonPool/1043874295/@KinematicArrow2D@73.
ERROR: Invalid packet received. Requested node was not found.
   at: _process_packet (core/io/multiplayer_api.cpp:203) - Condition "node == nullptr" is true.
ERROR: (Node not found: "CommonPool/1043874295/@KinematicArrow2D@75" (relative to "/root").)
   at: get_node (scene/main/node.cpp:1325) - Condition "!node" is true. Returned: nullptr
ERROR: Failed to get path from RPC: CommonPool/1043874295/@KinematicArrow2D@75.
   at: _process_get_node (core/io/multiplayer_api.cpp:251) - Failed to get path from RPC: CommonPool/1043874295/@KinematicArrow2D@75.
ERROR: Invalid packet received. Requested node was not found.
   at: _process_packet (core/io/multiplayer_api.cpp:203) - Condition "node == nullptr" is true.
ERROR: (Node not found: "CommonPool/1043874295/@KinematicArrow2D@76" (relative to "/root").)
   at: get_node (scene/main/node.cpp:1325) - Condition "!node" is true. Returned: nullptr
ERROR: Failed to get path from RPC: CommonPool/1043874295/@KinematicArrow2D@76.
   at: _process_get_node (core/io/multiplayer_api.cpp:251) - Failed to get path from RPC: CommonPool/1043874295/@KinematicArrow2D@76.
ERROR: Invalid packet received. Requested node was not found.
   at: _process_packet (core/io/multiplayer_api.cpp:203) - Condition "node == nullptr" is true.
ERROR: (Node not found: "CommonPool/1043874295/@KinematicArrow2D@77" (relative to "/root").)
   at: get_node (scene/main/node.cpp:1325) - Condition "!node" is true. Returned: nullptr
ERROR: Failed to get path from RPC: CommonPool/1043874295/@KinematicArrow2D@77.
   at: _process_get_node (core/io/multiplayer_api.cpp:251) - Failed to get path from RPC: CommonPool/1043874295/@KinematicArrow2D@77.
ERROR: Invalid packet received. Requested node was not found.
   at: _process_packet (core/io/multiplayer_api.cpp:203) - Condition "node == nullptr" is true.
ERROR: (Node not found: "CommonPool/1043874295/@KinematicArrow2D@79" (relative to "/root").)
   at: get_node (scene/main/node.cpp:1325) - Condition "!node" is true. Returned: nullptr
ERROR: Failed to get path from RPC: CommonPool/1043874295/@KinematicArrow2D@79.
   at: _process_get_node (core/io/multiplayer_api.cpp:251) - Failed to get path from RPC: CommonPool/1043874295/@KinematicArrow2D@79.
ERROR: Invalid packet received. Requested node was not found.
   at: _process_packet (core/io/multiplayer_api.cpp:203) - Condition "node == nullptr" is true.
ERROR: (Node not found: "CommonPool/1043874295/@KinematicArrow2D@80" (relative to "/root").)
   at: get_node (scene/main/node.cpp:1325) - Condition "!node" is true. Returned: nullptr
ERROR: Failed to get path from RPC: CommonPool/1043874295/@KinematicArrow2D@80.
   at: _process_get_node (core/io/multiplayer_api.cpp:251) - Failed to get path from RPC: CommonPool/1043874295/@KinematicArrow2D@80.
ERROR: Invalid packet received. Requested node was not found.
   at: _process_packet (core/io/multiplayer_api.cpp:203) - Condition "node == nullptr" is true.
ERROR: (Node not found: "CommonPool/1043874295/@KinematicArrow2D@81" (relative to "/root").)
   at: get_node (scene/main/node.cpp:1325) - Condition "!node" is true. Returned: nullptr
ERROR: Failed to get path from RPC: CommonPool/1043874295/@KinematicArrow2D@81.
   at: _process_get_node (core/io/multiplayer_api.cpp:251) - Failed to get path from RPC: CommonPool/1043874295/@KinematicArrow2D@81.
ERROR: Invalid packet received. Requested node was not found.
   at: _process_packet (core/io/multiplayer_api.cpp:203) - Condition "node == nullptr" is true.
ERROR: (Node not found: "CommonPool/1043874295/@KinematicArrow2D@82" (relative to "/root").)
   at: get_node (scene/main/node.cpp:1325) - Condition "!node" is true. Returned: nullptr
ERROR: Failed to get path from RPC: CommonPool/1043874295/@KinematicArrow2D@82.
   at: _process_get_node (core/io/multiplayer_api.cpp:251) - Failed to get path from RPC: CommonPool/1043874295/@KinematicArrow2D@82.
ERROR: Invalid packet received. Requested node was not found.
   at: _process_packet (core/io/multiplayer_api.cpp:203) - Condition "node == nullptr" is true.
ERROR: (Node not found: "CommonPool/1043874295/@KinematicArrow2D@84" (relative to "/root").)
   at: get_node (scene/main/node.cpp:1325) - Condition "!node" is true. Returned: nullptr
ERROR: Failed to get path from RPC: CommonPool/1043874295/@KinematicArrow2D@84.
   at: _process_get_node (core/io/multiplayer_api.cpp:251) - Failed to get path from RPC: CommonPool/1043874295/@KinematicArrow2D@84.
ERROR: Invalid packet received. Requested node was not found.
   at: _process_packet (core/io/multiplayer_api.cpp:203) - Condition "node == nullptr" is true.
ERROR: (Node not found: "CommonPool/1043874295/@KinematicArrow2D@85" (relative to "/root").)
   at: get_node (scene/main/node.cpp:1325) - Condition "!node" is true. Returned: nullptr
ERROR: Failed to get path from RPC: CommonPool/1043874295/@KinematicArrow2D@85.
   at: _process_get_node (core/io/multiplayer_api.cpp:251) - Failed to get path from RPC: CommonPool/1043874295/@KinematicArrow2D@85.
ERROR: Invalid packet received. Requested node was not found.
   at: _process_packet (core/io/multiplayer_api.cpp:203) - Condition "node == nullptr" is true.
ERROR: (Node not found: "CommonPool/1043874295/@KinematicArrow2D@87" (relative to "/root").)
   at: get_node (scene/main/node.cpp:1325) - Condition "!node" is true. Returned: nullptr
ERROR: Failed to get path from RPC: CommonPool/1043874295/@KinematicArrow2D@87.
   at: _process_get_node (core/io/multiplayer_api.cpp:251) - Failed to get path from RPC: CommonPool/1043874295/@KinematicArrow2D@87.
ERROR: Invalid packet received. Requested node was not found.
   at: _process_packet (core/io/multiplayer_api.cpp:203) - Condition "node == nullptr" is true.
ERROR: (Node not found: "CommonPool/1043874295/@KinematicArrow2D@88" (relative to "/root").)
   at: get_node (scene/main/node.cpp:1325) - Condition "!node" is true. Returned: nullptr
ERROR: Failed to get path from RPC: CommonPool/1043874295/@KinematicArrow2D@88.
   at: _process_get_node (core/io/multiplayer_api.cpp:251) - Failed to get path from RPC: CommonPool/1043874295/@KinematicArrow2D@88.
ERROR: Invalid packet received. Requested node was not found.
   at: _process_packet (core/io/multiplayer_api.cpp:203) - Condition "node == nullptr" is true.
ERROR: (Node not found: "CommonPool/1043874295/@KinematicArrow2D@90" (relative to "/root").)
   at: get_node (scene/main/node.cpp:1325) - Condition "!node" is true. Returned: nullptr
ERROR: Failed to get path from RPC: CommonPool/1043874295/@KinematicArrow2D@90.
   at: _process_get_node (core/io/multiplayer_api.cpp:251) - Failed to get path from RPC: CommonPool/1043874295/@KinematicArrow2D@90.
ERROR: Invalid packet received. Requested node was not found.
   at: _process_packet (core/io/multiplayer_api.cpp:203) - Condition "node == nullptr" is true.
ERROR: (Node not found: "CommonPool/1043874295/@KinematicArrow2D@91" (relative to "/root").)
   at: get_node (scene/main/node.cpp:1325) - Condition "!node" is true. Returned: nullptr
ERROR: Failed to get path from RPC: CommonPool/1043874295/@KinematicArrow2D@91.
   at: _process_get_node (core/io/multiplayer_api.cpp:251) - Failed to get path from RPC: CommonPool/1043874295/@KinematicArrow2D@91.
ERROR: Invalid packet received. Requested node was not found.
   at: _process_packet (core/io/multiplayer_api.cpp:203) - Condition "node == nullptr" is true.
ERROR: (Node not found: "CommonPool/1043874295/@KinematicArrow2D@93" (relative to "/root").)
   at: get_node (scene/main/node.cpp:1325) - Condition "!node" is true. Returned: nullptr
ERROR: Failed to get path from RPC: CommonPool/1043874295/@KinematicArrow2D@93.
   at: _process_get_node (core/io/multiplayer_api.cpp:251) - Failed to get path from RPC: CommonPool/1043874295/@KinematicArrow2D@93.
ERROR: Invalid packet received. Requested node was not found.
   at: _process_packet (core/io/multiplayer_api.cpp:203) - Condition "node == nullptr" is true.
ERROR: (Node not found: "CommonPool/1043874295/@KinematicArrow2D@90" (relative to "/root").)
   at: get_node (scene/main/node.cpp:1325) - Condition "!node" is true. Returned: nullptr
ERROR: Failed to get cached path from RPC: CommonPool/1043874295/@KinematicArrow2D@90.
   at: _process_get_node (core/io/multiplayer_api.cpp:267) - Failed to get cached path from RPC: CommonPool/1043874295/@KinematicArrow2D@90.
ERROR: Invalid packet received. Requested node was not found.
   at: _process_packet (core/io/multiplayer_api.cpp:203) - Condition "node == nullptr" is true.
ERROR: (Node not found: "CommonPool/1043874295/@KinematicArrow2D@94" (relative to "/root").)
   at: get_node (scene/main/node.cpp:1325) - Condition "!node" is true. Returned: nullptr
ERROR: Failed to get path from RPC: CommonPool/1043874295/@KinematicArrow2D@94.
   at: _process_get_node (core/io/multiplayer_api.cpp:251) - Failed to get path from RPC: CommonPool/1043874295/@KinematicArrow2D@94.
ERROR: Invalid packet received. Requested node was not found.
   at: _process_packet (core/io/multiplayer_api.cpp:203) - Condition "node == nullptr" is true.
ERROR: (Node not found: "CommonPool/1043874295/@KinematicArrow2D@91" (relative to "/root").)
   at: get_node (scene/main/node.cpp:1325) - Condition "!node" is true. Returned: nullptr
ERROR: Failed to get cached path from RPC: CommonPool/1043874295/@KinematicArrow2D@91.
   at: _process_get_node (core/io/multiplayer_api.cpp:267) - Failed to get cached path from RPC: CommonPool/1043874295/@KinematicArrow2D@91.
ERROR: Invalid packet received. Requested node was not found.
   at: _process_packet (core/io/multiplayer_api.cpp:203) - Condition "node == nullptr" is true.
ERROR: (Node not found: "CommonPool/1043874295/@KinematicArrow2D@95" (relative to "/root").)
   at: get_node (scene/main/node.cpp:1325) - Condition "!node" is true. Returned: nullptr
ERROR: Failed to get path from RPC: CommonPool/1043874295/@KinematicArrow2D@95.
   at: _process_get_node (core/io/multiplayer_api.cpp:251) - Failed to get path from RPC: CommonPool/1043874295/@KinematicArrow2D@95.
ERROR: Invalid packet received. Requested node was not found.
   at: _process_packet (core/io/multiplayer_api.cpp:203) - Condition "node == nullptr" is true.
ERROR: (Node not found: "CommonPool/1043874295/@KinematicArrow2D@96" (relative to "/root").)
   at: get_node (scene/main/node.cpp:1325) - Condition "!node" is true. Returned: nullptr
ERROR: Failed to get path from RPC: CommonPool/1043874295/@KinematicArrow2D@96.
   at: _process_get_node (core/io/multiplayer_api.cpp:251) - Failed to get path from RPC: CommonPool/1043874295/@KinematicArrow2D@96.
ERROR: Invalid packet received. Requested node was not found.
   at: _process_packet (core/io/multiplayer_api.cpp:203) - Condition "node == nullptr" is true.
ERROR: (Node not found: "CommonPool/1043874295/@KinematicArrow2D@98" (relative to "/root").)
   at: get_node (scene/main/node.cpp:1325) - Condition "!node" is true. Returned: nullptr
ERROR: Failed to get path from RPC: CommonPool/1043874295/@KinematicArrow2D@98.
   at: _process_get_node (core/io/multiplayer_api.cpp:251) - Failed to get path from RPC: CommonPool/1043874295/@KinematicArrow2D@98.
ERROR: Invalid packet received. Requested node was not found.
   at: _process_packet (core/io/multiplayer_api.cpp:203) - Condition "node == nullptr" is true.
ERROR: (Node not found: "CommonPool/1043874295/@KinematicArrow2D@99" (relative to "/root").)
   at: get_node (scene/main/node.cpp:1325) - Condition "!node" is true. Returned: nullptr
ERROR: Failed to get path from RPC: CommonPool/1043874295/@KinematicArrow2D@99.
   at: _process_get_node (core/io/multiplayer_api.cpp:251) - Failed to get path from RPC: CommonPool/1043874295/@KinematicArrow2D@99.
ERROR: Invalid packet received. Requested node was not found.
   at: _process_packet (core/io/multiplayer_api.cpp:203) - Condition "node == nullptr" is true.
ERROR: (Node not found: "CommonPool/1043874295/@KinematicArrow2D@96" (relative to "/root").)
   at: get_node (scene/main/node.cpp:1325) - Condition "!node" is true. Returned: nullptr
ERROR: Failed to get cached path from RPC: CommonPool/1043874295/@KinematicArrow2D@96.
   at: _process_get_node (core/io/multiplayer_api.cpp:267) - Failed to get cached path from RPC: CommonPool/1043874295/@KinematicArrow2D@96.
ERROR: Invalid packet received. Requested node was not found.
   at: _process_packet (core/io/multiplayer_api.cpp:203) - Condition "node == nullptr" is true.
ERROR: (Node not found: "CommonPool/1043874295/@KinematicArrow2D@100" (relative to "/root").)
   at: get_node (scene/main/node.cpp:1325) - Condition "!node" is true. Returned: nullptr
ERROR: Failed to get path from RPC: CommonPool/1043874295/@KinematicArrow2D@100.
   at: _process_get_node (core/io/multiplayer_api.cpp:251) - Failed to get path from RPC: CommonPool/1043874295/@KinematicArrow2D@100.
ERROR: Invalid packet received. Requested node was not found.
   at: _process_packet (core/io/multiplayer_api.cpp:203) - Condition "node == nullptr" is true.
ERROR: (Node not found: "CommonPool/1043874295/@KinematicArrow2D@102" (relative to "/root").)
   at: get_node (scene/main/node.cpp:1325) - Condition "!node" is true. Returned: nullptr
ERROR: Failed to get path from RPC: CommonPool/1043874295/@KinematicArrow2D@102.
   at: _process_get_node (core/io/multiplayer_api.cpp:251) - Failed to get path from RPC: CommonPool/1043874295/@KinematicArrow2D@102.
ERROR: Invalid packet received. Requested node was not found.
   at: _process_packet (core/io/multiplayer_api.cpp:203) - Condition "node == nullptr" is true.
ERROR: (Node not found: "CommonPool/1043874295/@KinematicArrow2D@103" (relative to "/root").)
   at: get_node (scene/main/node.cpp:1325) - Condition "!node" is true. Returned: nullptr
ERROR: Failed to get path from RPC: CommonPool/1043874295/@KinematicArrow2D@103.
   at: _process_get_node (core/io/multiplayer_api.cpp:251) - Failed to get path from RPC: CommonPool/1043874295/@KinematicArrow2D@103.
ERROR: Invalid packet received. Requested node was not found.
   at: _process_packet (core/io/multiplayer_api.cpp:203) - Condition "node == nullptr" is true.
ERROR: (Node not found: "CommonPool/1043874295/@KinematicArrow2D@104" (relative to "/root").)
   at: get_node (scene/main/node.cpp:1325) - Condition "!node" is true. Returned: nullptr
ERROR: Failed to get path from RPC: CommonPool/1043874295/@KinematicArrow2D@104.
   at: _process_get_node (core/io/multiplayer_api.cpp:251) - Failed to get path from RPC: CommonPool/1043874295/@KinematicArrow2D@104.
ERROR: Invalid packet received. Requested node was not found.
   at: _process_packet (core/io/multiplayer_api.cpp:203) - Condition "node == nullptr" is true.
ERROR: (Node not found: "CommonPool/1043874295/@KinematicArrow2D@106" (relative to "/root").)
   at: get_node (scene/main/node.cpp:1325) - Condition "!node" is true. Returned: nullptr
ERROR: Failed to get path from RPC: CommonPool/1043874295/@KinematicArrow2D@106.
   at: _process_get_node (core/io/multiplayer_api.cpp:251) - Failed to get path from RPC: CommonPool/1043874295/@KinematicArrow2D@106.
ERROR: Invalid packet received. Requested node was not found.
   at: _process_packet (core/io/multiplayer_api.cpp:203) - Condition "node == nullptr" is true.
ERROR: (Node not found: "CommonPool/1043874295/@KinematicArrow2D@108" (relative to "/root").)
   at: get_node (scene/main/node.cpp:1325) - Condition "!node" is true. Returned: nullptr
ERROR: Failed to get path from RPC: CommonPool/1043874295/@KinematicArrow2D@108.
   at: _process_get_node (core/io/multiplayer_api.cpp:251) - Failed to get path from RPC: CommonPool/1043874295/@KinematicArrow2D@108.
ERROR: Invalid packet received. Requested node was not found.
   at: _process_packet (core/io/multiplayer_api.cpp:203) - Condition "node == nullptr" is true.
ERROR: (Node not found: "CommonPool/1043874295/@KinematicArrow2D@103" (relative to "/root").)
   at: get_node (scene/main/node.cpp:1325) - Condition "!node" is true. Returned: nullptr
ERROR: Failed to get cached path from RPC: CommonPool/1043874295/@KinematicArrow2D@103.
   at: _process_get_node (core/io/multiplayer_api.cpp:267) - Failed to get cached path from RPC: CommonPool/1043874295/@KinematicArrow2D@103.
ERROR: Invalid packet received. Requested node was not found.
   at: _process_packet (core/io/multiplayer_api.cpp:203) - Condition "node == nullptr" is true.
ERROR: (Node not found: "CommonPool/1043874295/@KinematicArrow2D@104" (relative to "/root").)
   at: get_node (scene/main/node.cpp:1325) - Condition "!node" is true. Returned: nullptr
ERROR: Failed to get cached path from RPC: CommonPool/1043874295/@KinematicArrow2D@104.
   at: _process_get_node (core/io/multiplayer_api.cpp:267) - Failed to get cached path from RPC: CommonPool/1043874295/@KinematicArrow2D@104.
ERROR: Invalid packet received. Requested node was not found.
   at: _process_packet (core/io/multiplayer_api.cpp:203) - Condition "node == nullptr" is true.
ERROR: (Node not found: "CommonPool/1043874295/@KinematicArrow2D@111" (relative to "/root").)
   at: get_node (scene/main/node.cpp:1325) - Condition "!node" is true. Returned: nullptr
ERROR: Failed to get path from RPC: CommonPool/1043874295/@KinematicArrow2D@111.
   at: _process_get_node (core/io/multiplayer_api.cpp:251) - Failed to get path from RPC: CommonPool/1043874295/@KinematicArrow2D@111.
ERROR: Invalid packet received. Requested node was not found.
   at: _process_packet (core/io/multiplayer_api.cpp:203) - Condition "node == nullptr" is true.
ERROR: (Node not found: "CommonPool/1043874295/@KinematicArrow2D@113" (relative to "/root").)
   at: get_node (scene/main/node.cpp:1325) - Condition "!node" is true. Returned: nullptr
ERROR: Failed to get path from RPC: CommonPool/1043874295/@KinematicArrow2D@113.
   at: _process_get_node (core/io/multiplayer_api.cpp:251) - Failed to get path from RPC: CommonPool/1043874295/@KinematicArrow2D@113.
ERROR: Invalid packet received. Requested node was not found.
   at: _process_packet (core/io/multiplayer_api.cpp:203) - Condition "node == nullptr" is true.
ERROR: (Node not found: "CommonPool/1043874295/@KinematicArrow2D@115" (relative to "/root").)
   at: get_node (scene/main/node.cpp:1325) - Condition "!node" is true. Returned: nullptr
ERROR: Failed to get path from RPC: CommonPool/1043874295/@KinematicArrow2D@115.
   at: _process_get_node (core/io/multiplayer_api.cpp:251) - Failed to get path from RPC: CommonPool/1043874295/@KinematicArrow2D@115.
ERROR: Invalid packet received. Requested node was not found.
   at: _process_packet (core/io/multiplayer_api.cpp:203) - Condition "node == nullptr" is true.
ERROR: (Node not found: "CommonPool/1043874295/@KinematicArrow2D@117" (relative to "/root").)
   at: get_node (scene/main/node.cpp:1325) - Condition "!node" is true. Returned: nullptr
ERROR: Failed to get path from RPC: CommonPool/1043874295/@KinematicArrow2D@117.
   at: _process_get_node (core/io/multiplayer_api.cpp:251) - Failed to get path from RPC: CommonPool/1043874295/@KinematicArrow2D@117.
ERROR: Invalid packet received. Requested node was not found.
   at: _process_packet (core/io/multiplayer_api.cpp:203) - Condition "node == nullptr" is true.
ERROR: (Node not found: "CommonPool/1043874295/@KinematicArrow2D@119" (relative to "/root").)
   at: get_node (scene/main/node.cpp:1325) - Condition "!node" is true. Returned: nullptr
ERROR: Failed to get path from RPC: CommonPool/1043874295/@KinematicArrow2D@119.
   at: _process_get_node (core/io/multiplayer_api.cpp:251) - Failed to get path from RPC: CommonPool/1043874295/@KinematicArrow2D@119.
ERROR: Invalid packet received. Requested node was not found.
   at: _process_packet (core/io/multiplayer_api.cpp:203) - Condition "node == nullptr" is true.
ERROR: (Node not found: "CommonPool/1043874295/@KinematicArrow2D@121" (relative to "/root").)
   at: get_node (scene/main/node.cpp:1325) - Condition "!node" is true. Returned: nullptr
ERROR: Failed to get path from RPC: CommonPool/1043874295/@KinematicArrow2D@121.
   at: _process_get_node (core/io/multiplayer_api.cpp:251) - Failed to get path from RPC: CommonPool/1043874295/@KinematicArrow2D@121.
ERROR: Invalid packet received. Requested node was not found.
   at: _process_packet (core/io/multiplayer_api.cpp:203) - Condition "node == nullptr" is true.
ERROR: (Node not found: "CommonPool/1043874295/@KinematicArrow2D@123" (relative to "/root").)
   at: get_node (scene/main/node.cpp:1325) - Condition "!node" is true. Returned: nullptr
ERROR: Failed to get path from RPC: CommonPool/1043874295/@KinematicArrow2D@123.
   at: _process_get_node (core/io/multiplayer_api.cpp:251) - Failed to get path from RPC: CommonPool/1043874295/@KinematicArrow2D@123.
ERROR: Invalid packet received. Requested node was not found.
   at: _process_packet (core/io/multiplayer_api.cpp:203) - Condition "node == nullptr" is true.
ERROR: (Node not found: "CommonPool/1043874295/@KinematicArrow2D@125" (relative to "/root").)
   at: get_node (scene/main/node.cpp:1325) - Condition "!node" is true. Returned: nullptr
ERROR: Failed to get path from RPC: CommonPool/1043874295/@KinematicArrow2D@125.
   at: _process_get_node (core/io/multiplayer_api.cpp:251) - Failed to get path from RPC: CommonPool/1043874295/@KinematicArrow2D@125.
ERROR: Invalid packet received. Requested node was not found.
   at: _process_packet (core/io/multiplayer_api.cpp:203) - Condition "node == nullptr" is true.
ERROR: (Node not found: "CommonPool/1043874295/@KinematicArrow2D@127" (relative to "/root").)
   at: get_node (scene/main/node.cpp:1325) - Condition "!node" is true. Returned: nullptr
ERROR: Failed to get path from RPC: CommonPool/1043874295/@KinematicArrow2D@127.
   at: _process_get_node (core/io/multiplayer_api.cpp:251) - Failed to get path from RPC: CommonPool/1043874295/@KinematicArrow2D@127.
ERROR: Invalid packet received. Requested node was not found.
   at: _process_packet (core/io/multiplayer_api.cpp:203) - Condition "node == nullptr" is true.
ERROR: (Node not found: "CommonPool/1043874295/@KinematicArrow2D@129" (relative to "/root").)
   at: get_node (scene/main/node.cpp:1325) - Condition "!node" is true. Returned: nullptr
ERROR: Failed to get path from RPC: CommonPool/1043874295/@KinematicArrow2D@129.
   at: _process_get_node (core/io/multiplayer_api.cpp:251) - Failed to get path from RPC: CommonPool/1043874295/@KinematicArrow2D@129.
ERROR: Invalid packet received. Requested node was not found.
   at: _process_packet (core/io/multiplayer_api.cpp:203) - Condition "node == nullptr" is true.
ERROR: (Node not found: "CommonPool/1043874295/@KinematicArrow2D@131" (relative to "/root").)
   at: get_node (scene/main/node.cpp:1325) - Condition "!node" is true. Returned: nullptr
ERROR: Failed to get path from RPC: CommonPool/1043874295/@KinematicArrow2D@131.
   at: _process_get_node (core/io/multiplayer_api.cpp:251) - Failed to get path from RPC: CommonPool/1043874295/@KinematicArrow2D@131.
ERROR: Invalid packet received. Requested node was not found.
   at: _process_packet (core/io/multiplayer_api.cpp:203) - Condition "node == nullptr" is true.
ERROR: (Node not found: "CommonPool/1043874295/@KinematicArrow2D@133" (relative to "/root").)
   at: get_node (scene/main/node.cpp:1325) - Condition "!node" is true. Returned: nullptr
ERROR: Failed to get path from RPC: CommonPool/1043874295/@KinematicArrow2D@133.
   at: _process_get_node (core/io/multiplayer_api.cpp:251) - Failed to get path from RPC: CommonPool/1043874295/@KinematicArrow2D@133.
ERROR: Invalid packet received. Requested node was not found.
   at: _process_packet (core/io/multiplayer_api.cpp:203) - Condition "node == nullptr" is true.
ERROR: (Node not found: "CommonPool/1043874295/@KinematicArrow2D@135" (relative to "/root").)
   at: get_node (scene/main/node.cpp:1325) - Condition "!node" is true. Returned: nullptr
ERROR: Failed to get path from RPC: CommonPool/1043874295/@KinematicArrow2D@135.
   at: _process_get_node (core/io/multiplayer_api.cpp:251) - Failed to get path from RPC: CommonPool/1043874295/@KinematicArrow2D@135.
ERROR: Invalid packet received. Requested node was not found.
   at: _process_packet (core/io/multiplayer_api.cpp:203) - Condition "node == nullptr" is true.
ERROR: (Node not found: "CommonPool/1043874295/@KinematicArrow2D@137" (relative to "/root").)
   at: get_node (scene/main/node.cpp:1325) - Condition "!node" is true. Returned: nullptr
ERROR: Failed to get path from RPC: CommonPool/1043874295/@KinematicArrow2D@137.
   at: _process_get_node (core/io/multiplayer_api.cpp:251) - Failed to get path from RPC: CommonPool/1043874295/@KinematicArrow2D@137.
ERROR: Invalid packet received. Requested node was not found.
   at: _process_packet (core/io/multiplayer_api.cpp:203) - Condition "node == nullptr" is true.
ERROR: (Node not found: "CommonPool/1043874295/@KinematicArrow2D@139" (relative to "/root").)
   at: get_node (scene/main/node.cpp:1325) - Condition "!node" is true. Returned: nullptr
ERROR: Failed to get path from RPC: CommonPool/1043874295/@KinematicArrow2D@139.
   at: _process_get_node (core/io/multiplayer_api.cpp:251) - Failed to get path from RPC: CommonPool/1043874295/@KinematicArrow2D@139.
ERROR: Invalid packet received. Requested node was not found.
   at: _process_packet (core/io/multiplayer_api.cpp:203) - Condition "node == nullptr" is true.
ERROR: (Node not found: "CommonPool/1043874295/@KinematicArrow2D@141" (relative to "/root").)
   at: get_node (scene/main/node.cpp:1325) - Condition "!node" is true. Returned: nullptr
ERROR: Failed to get path from RPC: CommonPool/1043874295/@KinematicArrow2D@141.
   at: _process_get_node (core/io/multiplayer_api.cpp:251) - Failed to get path from RPC: CommonPool/1043874295/@KinematicArrow2D@141.
ERROR: Invalid packet received. Requested node was not found.
   at: _process_packet (core/io/multiplayer_api.cpp:203) - Condition "node == nullptr" is true.
ERROR: (Node not found: "CommonPool/1043874295/@KinematicArrow2D@143" (relative to "/root").)
   at: get_node (scene/main/node.cpp:1325) - Condition "!node" is true. Returned: nullptr
ERROR: Failed to get path from RPC: CommonPool/1043874295/@KinematicArrow2D@143.
   at: _process_get_node (core/io/multiplayer_api.cpp:251) - Failed to get path from RPC: CommonPool/1043874295/@KinematicArrow2D@143.
ERROR: Invalid packet received. Requested node was not found.
   at: _process_packet (core/io/multiplayer_api.cpp:203) - Condition "node == nullptr" is true.
ERROR: (Node not found: "CommonPool/1043874295/@KinematicArrow2D@145" (relative to "/root").)
   at: get_node (scene/main/node.cpp:1325) - Condition "!node" is true. Returned: nullptr
ERROR: Failed to get path from RPC: CommonPool/1043874295/@KinematicArrow2D@145.
   at: _process_get_node (core/io/multiplayer_api.cpp:251) - Failed to get path from RPC: CommonPool/1043874295/@KinematicArrow2D@145.
ERROR: Invalid packet received. Requested node was not found.
   at: _process_packet (core/io/multiplayer_api.cpp:203) - Condition "node == nullptr" is true.
ERROR: (Node not found: "CommonPool/1043874295/@KinematicArrow2D@146" (relative to "/root").)
   at: get_node (scene/main/node.cpp:1325) - Condition "!node" is true. Returned: nullptr
ERROR: Failed to get path from RPC: CommonPool/1043874295/@KinematicArrow2D@146.
   at: _process_get_node (core/io/multiplayer_api.cpp:251) - Failed to get path from RPC: CommonPool/1043874295/@KinematicArrow2D@146.
ERROR: Invalid packet received. Requested node was not found.
   at: _process_packet (core/io/multiplayer_api.cpp:203) - Condition "node == nullptr" is true.
ERROR: (Node not found: "CommonPool/1043874295/@KinematicArrow2D@141" (relative to "/root").)
   at: get_node (scene/main/node.cpp:1325) - Condition "!node" is true. Returned: nullptr
ERROR: Failed to get cached path from RPC: CommonPool/1043874295/@KinematicArrow2D@141.
   at: _process_get_node (core/io/multiplayer_api.cpp:267) - Failed to get cached path from RPC: CommonPool/1043874295/@KinematicArrow2D@141.
ERROR: Invalid packet received. Requested node was not found.
   at: _process_packet (core/io/multiplayer_api.cpp:203) - Condition "node == nullptr" is true.
ERROR: (Node not found: "CommonPool/1043874295/@KinematicArrow2D@147" (relative to "/root").)
   at: get_node (scene/main/node.cpp:1325) - Condition "!node" is true. Returned: nullptr
ERROR: Failed to get path from RPC: CommonPool/1043874295/@KinematicArrow2D@147.
   at: _process_get_node (core/io/multiplayer_api.cpp:251) - Failed to get path from RPC: CommonPool/1043874295/@KinematicArrow2D@147.
ERROR: Invalid packet received. Requested node was not found.
   at: _process_packet (core/io/multiplayer_api.cpp:203) - Condition "node == nullptr" is true.
ERROR: (Node not found: "CommonPool/1043874295/@KinematicArrow2D@149" (relative to "/root").)
   at: get_node (scene/main/node.cpp:1325) - Condition "!node" is true. Returned: nullptr
ERROR: Failed to get path from RPC: CommonPool/1043874295/@KinematicArrow2D@149.
   at: _process_get_node (core/io/multiplayer_api.cpp:251) - Failed to get path from RPC: CommonPool/1043874295/@KinematicArrow2D@149.
ERROR: Invalid packet received. Requested node was not found.
   at: _process_packet (core/io/multiplayer_api.cpp:203) - Condition "node == nullptr" is true.
ERROR: (Node not found: "CommonPool/1043874295/@KinematicArrow2D@151" (relative to "/root").)
   at: get_node (scene/main/node.cpp:1325) - Condition "!node" is true. Returned: nullptr
ERROR: Failed to get path from RPC: CommonPool/1043874295/@KinematicArrow2D@151.
   at: _process_get_node (core/io/multiplayer_api.cpp:251) - Failed to get path from RPC: CommonPool/1043874295/@KinematicArrow2D@151.
ERROR: Invalid packet received. Requested node was not found.
   at: _process_packet (core/io/multiplayer_api.cpp:203) - Condition "node == nullptr" is true.
ERROR: (Node not found: "CommonPool/1043874295/@KinematicArrow2D@152" (relative to "/root").)
   at: get_node (scene/main/node.cpp:1325) - Condition "!node" is true. Returned: nullptr
ERROR: Failed to get path from RPC: CommonPool/1043874295/@KinematicArrow2D@152.
   at: _process_get_node (core/io/multiplayer_api.cpp:251) - Failed to get path from RPC: CommonPool/1043874295/@KinematicArrow2D@152.
ERROR: Invalid packet received. Requested node was not found.
   at: _process_packet (core/io/multiplayer_api.cpp:203) - Condition "node == nullptr" is true.
ERROR: (Node not found: "CommonPool/1043874295/@KinematicArrow2D@153" (relative to "/root").)
   at: get_node (scene/main/node.cpp:1325) - Condition "!node" is true. Returned: nullptr
ERROR: Failed to get path from RPC: CommonPool/1043874295/@KinematicArrow2D@153.
   at: _process_get_node (core/io/multiplayer_api.cpp:251) - Failed to get path from RPC: CommonPool/1043874295/@KinematicArrow2D@153.
ERROR: Invalid packet received. Requested node was not found.
   at: _process_packet (core/io/multiplayer_api.cpp:203) - Condition "node == nullptr" is true.
ERROR: (Node not found: "CommonPool/1043874295/@KinematicArrow2D@155" (relative to "/root").)
   at: get_node (scene/main/node.cpp:1325) - Condition "!node" is true. Returned: nullptr
ERROR: Failed to get path from RPC: CommonPool/1043874295/@KinematicArrow2D@155.
   at: _process_get_node (core/io/multiplayer_api.cpp:251) - Failed to get path from RPC: CommonPool/1043874295/@KinematicArrow2D@155.
ERROR: Invalid packet received. Requested node was not found.
   at: _process_packet (core/io/multiplayer_api.cpp:203) - Condition "node == nullptr" is true.
ERROR: (Node not found: "CommonPool/1043874295/@KinematicArrow2D@155" (relative to "/root").)
   at: get_node (scene/main/node.cpp:1325) - Condition "!node" is true. Returned: nullptr
ERROR: Failed to get cached path from RPC: CommonPool/1043874295/@KinematicArrow2D@155.
   at: _process_get_node (core/io/multiplayer_api.cpp:267) - Failed to get cached path from RPC: CommonPool/1043874295/@KinematicArrow2D@155.
ERROR: Invalid packet received. Requested node was not found.
   at: _process_packet (core/io/multiplayer_api.cpp:203) - Condition "node == nullptr" is true.
ERROR: (Node not found: "CommonPool/1043874295/@KinematicArrow2D@159" (relative to "/root").)
   at: get_node (scene/main/node.cpp:1325) - Condition "!node" is true. Returned: nullptr
ERROR: Failed to get path from RPC: CommonPool/1043874295/@KinematicArrow2D@159.
   at: _process_get_node (core/io/multiplayer_api.cpp:251) - Failed to get path from RPC: CommonPool/1043874295/@KinematicArrow2D@159.
ERROR: Invalid packet received. Requested node was not found.
   at: _process_packet (core/io/multiplayer_api.cpp:203) - Condition "node == nullptr" is true.
ERROR: (Node not found: "CommonPool/1043874295/@KinematicArrow2D@160" (relative to "/root").)
   at: get_node (scene/main/node.cpp:1325) - Condition "!node" is true. Returned: nullptr
ERROR: Failed to get path from RPC: CommonPool/1043874295/@KinematicArrow2D@160.
   at: _process_get_node (core/io/multiplayer_api.cpp:251) - Failed to get path from RPC: CommonPool/1043874295/@KinematicArrow2D@160.
ERROR: Invalid packet received. Requested node was not found.
   at: _process_packet (core/io/multiplayer_api.cpp:203) - Condition "node == nullptr" is true.
ERROR: (Node not found: "CommonPool/1043874295/@KinematicArrow2D@163" (relative to "/root").)
   at: get_node (scene/main/node.cpp:1325) - Condition "!node" is true. Returned: nullptr
ERROR: Failed to get path from RPC: CommonPool/1043874295/@KinematicArrow2D@163.
   at: _process_get_node (core/io/multiplayer_api.cpp:251) - Failed to get path from RPC: CommonPool/1043874295/@KinematicArrow2D@163.
ERROR: Invalid packet received. Requested node was not found.
   at: _process_packet (core/io/multiplayer_api.cpp:203) - Condition "node == nullptr" is true.
ERROR: (Node not found: "CommonPool/1043874295/@KinematicArrow2D@166" (relative to "/root").)
   at: get_node (scene/main/node.cpp:1325) - Condition "!node" is true. Returned: nullptr
ERROR: Failed to get path from RPC: CommonPool/1043874295/@KinematicArrow2D@166.
   at: _process_get_node (core/io/multiplayer_api.cpp:251) - Failed to get path from RPC: CommonPool/1043874295/@KinematicArrow2D@166.
ERROR: Invalid packet received. Requested node was not found.
   at: _process_packet (core/io/multiplayer_api.cpp:203) - Condition "node == nullptr" is true.
ERROR: (Node not found: "CommonPool/1043874295/@KinematicArrow2D@167" (relative to "/root").)
   at: get_node (scene/main/node.cpp:1325) - Condition "!node" is true. Returned: nullptr
ERROR: Failed to get path from RPC: CommonPool/1043874295/@KinematicArrow2D@167.
   at: _process_get_node (core/io/multiplayer_api.cpp:251) - Failed to get path from RPC: CommonPool/1043874295/@KinematicArrow2D@167.
ERROR: Invalid packet received. Requested node was not found.
   at: _process_packet (core/io/multiplayer_api.cpp:203) - Condition "node == nullptr" is true.
ERROR: (Node not found: "CommonPool/1043874295/@KinematicArrow2D@163" (relative to "/root").)
   at: get_node (scene/main/node.cpp:1325) - Condition "!node" is true. Returned: nullptr
ERROR: Failed to get cached path from RPC: CommonPool/1043874295/@KinematicArrow2D@163.
   at: _process_get_node (core/io/multiplayer_api.cpp:267) - Failed to get cached path from RPC: CommonPool/1043874295/@KinematicArrow2D@163.
ERROR: Invalid packet received. Requested node was not found.
   at: _process_packet (core/io/multiplayer_api.cpp:203) - Condition "node == nullptr" is true.
ERROR: (Node not found: "CommonPool/1043874295/@KinematicArrow2D@170" (relative to "/root").)
   at: get_node (scene/main/node.cpp:1325) - Condition "!node" is true. Returned: nullptr
ERROR: Failed to get path from RPC: CommonPool/1043874295/@KinematicArrow2D@170.
   at: _process_get_node (core/io/multiplayer_api.cpp:251) - Failed to get path from RPC: CommonPool/1043874295/@KinematicArrow2D@170.
ERROR: Invalid packet received. Requested node was not found.
   at: _process_packet (core/io/multiplayer_api.cpp:203) - Condition "node == nullptr" is true.
ERROR: (Node not found: "CommonPool/1043874295/@KinematicArrow2D@172" (relative to "/root").)
   at: get_node (scene/main/node.cpp:1325) - Condition "!node" is true. Returned: nullptr
ERROR: Failed to get path from RPC: CommonPool/1043874295/@KinematicArrow2D@172.
   at: _process_get_node (core/io/multiplayer_api.cpp:251) - Failed to get path from RPC: CommonPool/1043874295/@KinematicArrow2D@172.
ERROR: Invalid packet received. Requested node was not found.
   at: _process_packet (core/io/multiplayer_api.cpp:203) - Condition "node == nullptr" is true.
ERROR: (Node not found: "CommonPool/1043874295/@KinematicArrow2D@174" (relative to "/root").)
   at: get_node (scene/main/node.cpp:1325) - Condition "!node" is true. Returned: nullptr
ERROR: Failed to get path from RPC: CommonPool/1043874295/@KinematicArrow2D@174.
   at: _process_get_node (core/io/multiplayer_api.cpp:251) - Failed to get path from RPC: CommonPool/1043874295/@KinematicArrow2D@174.
ERROR: Invalid packet received. Requested node was not found.
   at: _process_packet (core/io/multiplayer_api.cpp:203) - Condition "node == nullptr" is true.
ERROR: (Node not found: "CommonPool/1043874295/@KinematicArrow2D@176" (relative to "/root").)
   at: get_node (scene/main/node.cpp:1325) - Condition "!node" is true. Returned: nullptr
ERROR: Failed to get path from RPC: CommonPool/1043874295/@KinematicArrow2D@176.
   at: _process_get_node (core/io/multiplayer_api.cpp:251) - Failed to get path from RPC: CommonPool/1043874295/@KinematicArrow2D@176.
ERROR: Invalid packet received. Requested node was not found.
   at: _process_packet (core/io/multiplayer_api.cpp:203) - Condition "node == nullptr" is true.
i died: 1043874295
game has ended, for all
ERROR: (Node not found: "CommonPool/1043874295/platPlay" (relative to "/root").)
   at: get_node (scene/main/node.cpp:1325) - Condition "!node" is true. Returned: nullptr
ERROR: Failed to get cached path from RPC: CommonPool/1043874295/platPlay.
   at: _process_get_node (core/io/multiplayer_api.cpp:267) - Failed to get cached path from RPC: CommonPool/1043874295/platPlay.
ERROR: Invalid packet received. Requested node was not found.
   at: _process_packet (core/io/multiplayer_api.cpp:203) - Condition "node == nullptr" is true.
ERROR: (Node not found: "CommonPool/1043874295/platPlay" (relative to "/root").)
   at: get_node (scene/main/node.cpp:1325) - Condition "!node" is true. Returned: nullptr
ERROR: Failed to get cached path from RPC: CommonPool/1043874295/platPlay.
   at: _process_get_node (core/io/multiplayer_api.cpp:267) - Failed to get cached path from RPC: CommonPool/1043874295/platPlay.
ERROR: Invalid packet received. Requested node was not found.
   at: _process_packet (core/io/multiplayer_api.cpp:203) - Condition "node == nullptr" is true.
ERROR: (Node not found: "CommonPool/1043874295/platPlay" (relative to "/root").)
   at: get_node (scene/main/node.cpp:1325) - Condition "!node" is true. Returned: nullptr
ERROR: Failed to get cached path from RPC: CommonPool/1043874295/platPlay.
   at: _process_get_node (core/io/multiplayer_api.cpp:267) - Failed to get cached path from RPC: CommonPool/1043874295/platPlay.
ERROR: Invalid packet received. Requested node was not found.
   at: _process_packet (core/io/multiplayer_api.cpp:203) - Condition "node == nullptr" is true.
ERROR: (Node not found: "CommonPool/1043874295/platPlay" (relative to "/root").)
   at: get_node (scene/main/node.cpp:1325) - Condition "!node" is true. Returned: nullptr
ERROR: Failed to get cached path from RPC: CommonPool/1043874295/platPlay.
   at: _process_get_node (core/io/multiplayer_api.cpp:267) - Failed to get cached path from RPC: CommonPool/1043874295/platPlay.
ERROR: Invalid packet received. Requested node was not found.
   at: _process_packet (core/io/multiplayer_api.cpp:203) - Condition "node == nullptr" is true.
ERROR: (Node not found: "CommonPool/1043874295/platPlay" (relative to "/root").)
   at: get_node (scene/main/node.cpp:1325) - Condition "!node" is true. Returned: nullptr
ERROR: Failed to get cached path from RPC: CommonPool/1043874295/platPlay.
   at: _process_get_node (core/io/multiplayer_api.cpp:267) - Failed to get cached path from RPC: CommonPool/1043874295/platPlay.
ERROR: Invalid packet received. Requested node was not found.
   at: _process_packet (core/io/multiplayer_api.cpp:203) - Condition "node == nullptr" is true.
ERROR: (Node not found: "CommonPool/1043874295/platPlay" (relative to "/root").)
   at: get_node (scene/main/node.cpp:1325) - Condition "!node" is true. Returned: nullptr
ERROR: Failed to get cached path from RPC: CommonPool/1043874295/platPlay.
   at: _process_get_node (core/io/multiplayer_api.cpp:267) - Failed to get cached path from RPC: CommonPool/1043874295/platPlay.
ERROR: Invalid packet received. Requested node was not found.
   at: _process_packet (core/io/multiplayer_api.cpp:203) - Condition "node == nullptr" is true.
ERROR: (Node not found: "CommonPool/1043874295/platPlay" (relative to "/root").)
   at: get_node (scene/main/node.cpp:1325) - Condition "!node" is true. Returned: nullptr
ERROR: Failed to get cached path from RPC: CommonPool/1043874295/platPlay.
   at: _process_get_node (core/io/multiplayer_api.cpp:267) - Failed to get cached path from RPC: CommonPool/1043874295/platPlay.
ERROR: Invalid packet received. Requested node was not found.
   at: _process_packet (core/io/multiplayer_api.cpp:203) - Condition "node == nullptr" is true.
ERROR: (Node not found: "CommonPool/1043874295/platPlay" (relative to "/root").)
   at: get_node (scene/main/node.cpp:1325) - Condition "!node" is true. Returned: nullptr
ERROR: Failed to get cached path from RPC: CommonPool/1043874295/platPlay.
   at: _process_get_node (core/io/multiplayer_api.cpp:267) - Failed to get cached path from RPC: CommonPool/1043874295/platPlay.
ERROR: Invalid packet received. Requested node was not found.
   at: _process_packet (core/io/multiplayer_api.cpp:203) - Condition "node == nullptr" is true.
ERROR: (Node not found: "CommonPool/1043874295/platPlay" (relative to "/root").)
   at: get_node (scene/main/node.cpp:1325) - Condition "!node" is true. Returned: nullptr
ERROR: Failed to get cached path from RPC: CommonPool/1043874295/platPlay.
   at: _process_get_node (core/io/multiplayer_api.cpp:267) - Failed to get cached path from RPC: CommonPool/1043874295/platPlay.
ERROR: Invalid packet received. Requested node was not found.
   at: _process_packet (core/io/multiplayer_api.cpp:203) - Condition "node == nullptr" is true.
ERROR: (Node not found: "CommonPool/1043874295/platPlay" (relative to "/root").)
   at: get_node (scene/main/node.cpp:1325) - Condition "!node" is true. Returned: nullptr
ERROR: Failed to get cached path from RPC: CommonPool/1043874295/platPlay.
   at: _process_get_node (core/io/multiplayer_api.cpp:267) - Failed to get cached path from RPC: CommonPool/1043874295/platPlay.
ERROR: Invalid packet received. Requested node was not found.
   at: _process_packet (core/io/multiplayer_api.cpp:203) - Condition "node == nullptr" is true.
ERROR: (Node not found: "CommonPool/1043874295/platPlay" (relative to "/root").)
   at: get_node (scene/main/node.cpp:1325) - Condition "!node" is true. Returned: nullptr
ERROR: Failed to get cached path from RPC: CommonPool/1043874295/platPlay.
   at: _process_get_node (core/io/multiplayer_api.cpp:267) - Failed to get cached path from RPC: CommonPool/1043874295/platPlay.
ERROR: Invalid packet received. Requested node was not found.
   at: _process_packet (core/io/multiplayer_api.cpp:203) - Condition "node == nullptr" is true.
ERROR: (Node not found: "CommonPool/1043874295/platPlay" (relative to "/root").)
   at: get_node (scene/main/node.cpp:1325) - Condition "!node" is true. Returned: nullptr
ERROR: Failed to get cached path from RPC: CommonPool/1043874295/platPlay.
   at: _process_get_node (core/io/multiplayer_api.cpp:267) - Failed to get cached path from RPC: CommonPool/1043874295/platPlay.
ERROR: Invalid packet received. Requested node was not found.
   at: _process_packet (core/io/multiplayer_api.cpp:203) - Condition "node == nullptr" is true.
Player 1043874295 has disconnected
