Godot Engine v3.4.4.stable.official.419e713a2 - https://godotengine.org
OpenGL ES 3.0 Renderer: Quadro P520/PCIe/SSE2
OpenGL ES Batching: ON
 
label4
join butt
Player 1 has connected
Successfully connected to the server
ERROR: (Node not found: "CommonPool/679617466" (relative to "/root").)
   at: get_node (scene/main/node.cpp:1325) - Condition "!node" is true. Returned: nullptr
ERROR: Failed to get path from RPC: CommonPool/679617466.
   at: _process_get_node (core/io/multiplayer_api.cpp:251) - Failed to get path from RPC: CommonPool/679617466.
ERROR: Invalid packet received. Requested node was not found.
   at: _process_packet (core/io/multiplayer_api.cpp:203) - Condition "node == nullptr" is true.
ERROR: (Node not found: "CommonPool/679617466" (relative to "/root").)
   at: get_node (scene/main/node.cpp:1325) - Condition "!node" is true. Returned: nullptr
ERROR: Failed to get cached path from RPC: CommonPool/679617466.
   at: _process_get_node (core/io/multiplayer_api.cpp:267) - Failed to get cached path from RPC: CommonPool/679617466.
ERROR: Invalid packet received. Requested node was not found.
   at: _process_packet (core/io/multiplayer_api.cpp:203) - Condition "node == nullptr" is true.
ERROR: (Node not found: "CommonPool/679617466" (relative to "/root").)
   at: get_node (scene/main/node.cpp:1325) - Condition "!node" is true. Returned: nullptr
ERROR: Failed to get cached path from RPC: CommonPool/679617466.
   at: _process_get_node (core/io/multiplayer_api.cpp:267) - Failed to get cached path from RPC: CommonPool/679617466.
ERROR: Invalid packet received. Requested node was not found.
   at: _process_packet (core/io/multiplayer_api.cpp:203) - Condition "node == nullptr" is true.
ERROR: (Node not found: "CommonPool/679617466" (relative to "/root").)
   at: get_node (scene/main/node.cpp:1325) - Condition "!node" is true. Returned: nullptr
ERROR: Failed to get cached path from RPC: CommonPool/679617466.
   at: _process_get_node (core/io/multiplayer_api.cpp:267) - Failed to get cached path from RPC: CommonPool/679617466.
ERROR: Invalid packet received. Requested node was not found.
   at: _process_packet (core/io/multiplayer_api.cpp:203) - Condition "node == nullptr" is true.
passed :1
passed :679617466
(561.567993, 373.233002)
ERROR: (Node not found: "CommonPool/1/platPlay" (relative to "/root").)
   at: get_node (scene/main/node.cpp:1325) - Condition "!node" is true. Returned: nullptr
ERROR: Failed to get path from RPC: CommonPool/1/platPlay.
   at: _process_get_node (core/io/multiplayer_api.cpp:251) - Failed to get path from RPC: CommonPool/1/platPlay.
ERROR: Invalid packet received. Requested node was not found.
   at: _process_packet (core/io/multiplayer_api.cpp:203) - Condition "node == nullptr" is true.
ERROR: (Node not found: "CommonPool/1/platPlay" (relative to "/root").)
   at: get_node (scene/main/node.cpp:1325) - Condition "!node" is true. Returned: nullptr
ERROR: Failed to get path from RPC: CommonPool/1/platPlay.
   at: _process_get_node (core/io/multiplayer_api.cpp:251) - Failed to get path from RPC: CommonPool/1/platPlay.
ERROR: Invalid packet received. Requested node was not found.
   at: _process_packet (core/io/multiplayer_api.cpp:203) - Condition "node == nullptr" is true.
ERROR: (Node not found: "CommonPool/1/platPlay" (relative to "/root").)
   at: get_node (scene/main/node.cpp:1325) - Condition "!node" is true. Returned: nullptr
ERROR: Failed to get path from RPC: CommonPool/1/platPlay.
   at: _process_get_node (core/io/multiplayer_api.cpp:251) - Failed to get path from RPC: CommonPool/1/platPlay.
ERROR: Invalid packet received. Requested node was not found.
   at: _process_packet (core/io/multiplayer_api.cpp:203) - Condition "node == nullptr" is true.
ERROR: (Node not found: "CommonPool/1/platPlay" (relative to "/root").)
   at: get_node (scene/main/node.cpp:1325) - Condition "!node" is true. Returned: nullptr
ERROR: Failed to get path from RPC: CommonPool/1/platPlay.
   at: _process_get_node (core/io/multiplayer_api.cpp:251) - Failed to get path from RPC: CommonPool/1/platPlay.
ERROR: Invalid packet received. Requested node was not found.
   at: _process_packet (core/io/multiplayer_api.cpp:203) - Condition "node == nullptr" is true.
ERROR: (Node not found: "CommonPool/1/platPlay" (relative to "/root").)
   at: get_node (scene/main/node.cpp:1325) - Condition "!node" is true. Returned: nullptr
ERROR: Failed to get path from RPC: CommonPool/1/platPlay.
   at: _process_get_node (core/io/multiplayer_api.cpp:251) - Failed to get path from RPC: CommonPool/1/platPlay.
ERROR: Invalid packet received. Requested node was not found.
   at: _process_packet (core/io/multiplayer_api.cpp:203) - Condition "node == nullptr" is true.
ERROR: (Node not found: "CommonPool/1/platPlay" (relative to "/root").)
   at: get_node (scene/main/node.cpp:1325) - Condition "!node" is true. Returned: nullptr
ERROR: Failed to get path from RPC: CommonPool/1/platPlay.
   at: _process_get_node (core/io/multiplayer_api.cpp:251) - Failed to get path from RPC: CommonPool/1/platPlay.
ERROR: Invalid packet received. Requested node was not found.
   at: _process_packet (core/io/multiplayer_api.cpp:203) - Condition "node == nullptr" is true.
ERROR: (Node not found: "CommonPool/1/platPlay" (relative to "/root").)
   at: get_node (scene/main/node.cpp:1325) - Condition "!node" is true. Returned: nullptr
ERROR: Failed to get path from RPC: CommonPool/1/platPlay.
   at: _process_get_node (core/io/multiplayer_api.cpp:251) - Failed to get path from RPC: CommonPool/1/platPlay.
ERROR: Invalid packet received. Requested node was not found.
   at: _process_packet (core/io/multiplayer_api.cpp:203) - Condition "node == nullptr" is true.
ERROR: (Node not found: "CommonPool/1/platPlay" (relative to "/root").)
   at: get_node (scene/main/node.cpp:1325) - Condition "!node" is true. Returned: nullptr
ERROR: Failed to get path from RPC: CommonPool/1/platPlay.
   at: _process_get_node (core/io/multiplayer_api.cpp:251) - Failed to get path from RPC: CommonPool/1/platPlay.
ERROR: Invalid packet received. Requested node was not found.
   at: _process_packet (core/io/multiplayer_api.cpp:203) - Condition "node == nullptr" is true.
ERROR: (Node not found: "CommonPool/1/platPlay" (relative to "/root").)
   at: get_node (scene/main/node.cpp:1325) - Condition "!node" is true. Returned: nullptr
ERROR: Failed to get path from RPC: CommonPool/1/platPlay.
   at: _process_get_node (core/io/multiplayer_api.cpp:251) - Failed to get path from RPC: CommonPool/1/platPlay.
ERROR: Invalid packet received. Requested node was not found.
   at: _process_packet (core/io/multiplayer_api.cpp:203) - Condition "node == nullptr" is true.
ERROR: (Node not found: "CommonPool/1/platPlay" (relative to "/root").)
   at: get_node (scene/main/node.cpp:1325) - Condition "!node" is true. Returned: nullptr
ERROR: Failed to get path from RPC: CommonPool/1/platPlay.
   at: _process_get_node (core/io/multiplayer_api.cpp:251) - Failed to get path from RPC: CommonPool/1/platPlay.
ERROR: Invalid packet received. Requested node was not found.
   at: _process_packet (core/io/multiplayer_api.cpp:203) - Condition "node == nullptr" is true.
ERROR: (Node not found: "CommonPool/1/platPlay" (relative to "/root").)
   at: get_node (scene/main/node.cpp:1325) - Condition "!node" is true. Returned: nullptr
ERROR: Failed to get path from RPC: CommonPool/1/platPlay.
   at: _process_get_node (core/io/multiplayer_api.cpp:251) - Failed to get path from RPC: CommonPool/1/platPlay.
ERROR: Invalid packet received. Requested node was not found.
   at: _process_packet (core/io/multiplayer_api.cpp:203) - Condition "node == nullptr" is true.
ERROR: (Node not found: "CommonPool/1/platPlay" (relative to "/root").)
   at: get_node (scene/main/node.cpp:1325) - Condition "!node" is true. Returned: nullptr
ERROR: Failed to get path from RPC: CommonPool/1/platPlay.
   at: _process_get_node (core/io/multiplayer_api.cpp:251) - Failed to get path from RPC: CommonPool/1/platPlay.
ERROR: Invalid packet received. Requested node was not found.
   at: _process_packet (core/io/multiplayer_api.cpp:203) - Condition "node == nullptr" is true.
ERROR: (Node not found: "CommonPool/1/platPlay" (relative to "/root").)
   at: get_node (scene/main/node.cpp:1325) - Condition "!node" is true. Returned: nullptr
ERROR: Failed to get path from RPC: CommonPool/1/platPlay.
   at: _process_get_node (core/io/multiplayer_api.cpp:251) - Failed to get path from RPC: CommonPool/1/platPlay.
ERROR: Invalid packet received. Requested node was not found.
   at: _process_packet (core/io/multiplayer_api.cpp:203) - Condition "node == nullptr" is true.
ERROR: (Node not found: "CommonPool/1/platPlay" (relative to "/root").)
   at: get_node (scene/main/node.cpp:1325) - Condition "!node" is true. Returned: nullptr
ERROR: Failed to get path from RPC: CommonPool/1/platPlay.
   at: _process_get_node (core/io/multiplayer_api.cpp:251) - Failed to get path from RPC: CommonPool/1/platPlay.
ERROR: Invalid packet received. Requested node was not found.
   at: _process_packet (core/io/multiplayer_api.cpp:203) - Condition "node == nullptr" is true.
ERROR: (Node not found: "CommonPool/1/platPlay" (relative to "/root").)
   at: get_node (scene/main/node.cpp:1325) - Condition "!node" is true. Returned: nullptr
ERROR: Failed to get path from RPC: CommonPool/1/platPlay.
   at: _process_get_node (core/io/multiplayer_api.cpp:251) - Failed to get path from RPC: CommonPool/1/platPlay.
ERROR: Invalid packet received. Requested node was not found.
   at: _process_packet (core/io/multiplayer_api.cpp:203) - Condition "node == nullptr" is true.
ERROR: (Node not found: "CommonPool/1/platPlay" (relative to "/root").)
   at: get_node (scene/main/node.cpp:1325) - Condition "!node" is true. Returned: nullptr
ERROR: Failed to get path from RPC: CommonPool/1/platPlay.
   at: _process_get_node (core/io/multiplayer_api.cpp:251) - Failed to get path from RPC: CommonPool/1/platPlay.
ERROR: Invalid packet received. Requested node was not found.
   at: _process_packet (core/io/multiplayer_api.cpp:203) - Condition "node == nullptr" is true.
ERROR: (Node not found: "CommonPool/1/platPlay" (relative to "/root").)
   at: get_node (scene/main/node.cpp:1325) - Condition "!node" is true. Returned: nullptr
ERROR: Failed to get path from RPC: CommonPool/1/platPlay.
   at: _process_get_node (core/io/multiplayer_api.cpp:251) - Failed to get path from RPC: CommonPool/1/platPlay.
ERROR: Invalid packet received. Requested node was not found.
   at: _process_packet (core/io/multiplayer_api.cpp:203) - Condition "node == nullptr" is true.
ERROR: (Node not found: "CommonPool/1/platPlay" (relative to "/root").)
   at: get_node (scene/main/node.cpp:1325) - Condition "!node" is true. Returned: nullptr
ERROR: Failed to get path from RPC: CommonPool/1/platPlay.
   at: _process_get_node (core/io/multiplayer_api.cpp:251) - Failed to get path from RPC: CommonPool/1/platPlay.
ERROR: Invalid packet received. Requested node was not found.
   at: _process_packet (core/io/multiplayer_api.cpp:203) - Condition "node == nullptr" is true.
ERROR: (Node not found: "CommonPool/1/platPlay" (relative to "/root").)
   at: get_node (scene/main/node.cpp:1325) - Condition "!node" is true. Returned: nullptr
ERROR: Failed to get path from RPC: CommonPool/1/platPlay.
   at: _process_get_node (core/io/multiplayer_api.cpp:251) - Failed to get path from RPC: CommonPool/1/platPlay.
ERROR: Invalid packet received. Requested node was not found.
   at: _process_packet (core/io/multiplayer_api.cpp:203) - Condition "node == nullptr" is true.
ERROR: (Node not found: "CommonPool/1/platPlay" (relative to "/root").)
   at: get_node (scene/main/node.cpp:1325) - Condition "!node" is true. Returned: nullptr
ERROR: Failed to get path from RPC: CommonPool/1/platPlay.
   at: _process_get_node (core/io/multiplayer_api.cpp:251) - Failed to get path from RPC: CommonPool/1/platPlay.
ERROR: Invalid packet received. Requested node was not found.
   at: _process_packet (core/io/multiplayer_api.cpp:203) - Condition "node == nullptr" is true.
ERROR: (Node not found: "CommonPool/1/platPlay" (relative to "/root").)
   at: get_node (scene/main/node.cpp:1325) - Condition "!node" is true. Returned: nullptr
ERROR: Failed to get path from RPC: CommonPool/1/platPlay.
   at: _process_get_node (core/io/multiplayer_api.cpp:251) - Failed to get path from RPC: CommonPool/1/platPlay.
ERROR: Invalid packet received. Requested node was not found.
   at: _process_packet (core/io/multiplayer_api.cpp:203) - Condition "node == nullptr" is true.
ERROR: (Node not found: "CommonPool/1/platPlay" (relative to "/root").)
   at: get_node (scene/main/node.cpp:1325) - Condition "!node" is true. Returned: nullptr
ERROR: Failed to get path from RPC: CommonPool/1/platPlay.
   at: _process_get_node (core/io/multiplayer_api.cpp:251) - Failed to get path from RPC: CommonPool/1/platPlay.
ERROR: Invalid packet received. Requested node was not found.
   at: _process_packet (core/io/multiplayer_api.cpp:203) - Condition "node == nullptr" is true.
ERROR: (Node not found: "CommonPool/1/platPlay" (relative to "/root").)
   at: get_node (scene/main/node.cpp:1325) - Condition "!node" is true. Returned: nullptr
ERROR: Failed to get path from RPC: CommonPool/1/platPlay.
   at: _process_get_node (core/io/multiplayer_api.cpp:251) - Failed to get path from RPC: CommonPool/1/platPlay.
ERROR: Invalid packet received. Requested node was not found.
   at: _process_packet (core/io/multiplayer_api.cpp:203) - Condition "node == nullptr" is true.
fade
fade
fade
fade
fade
fade
fade
explote
explote
explote
fade
explote
explote
i died: 679617466
explote
game has ended, for all
Disconnected from the server
