Godot Engine v3.4.2.stable.official.45eaa2daf - https://godotengine.org
OpenGL ES 3.0 Renderer: NVIDIA GeForce GTX 1050/PCIe/SSE2
OpenGL ES Batching: ON
 
label4
Create butt
passed :1
(561.567993, 373.233002)
[4]
[3]
changed
flechas: 3
flechas: 2
flechas: 1
flechas: 0
flechas: 0
changed
flechas: 2
flechas: 1
[Arrowplayer190:[KinematicBody2D:5126], Arrowplayer191:[KinematicBody2D:5140], Arrowplayer192:[KinematicBody2D:5154], Arrowplayer193:[KinematicBody2D:5168]]
flechas: 0
[Arrowplayer1100:[KinematicBody2D:5492], Arrowplayer1101:[KinematicBody2D:5506], Arrowplayer1102:[KinematicBody2D:5520], Arrowplayer1103:[KinematicBody2D:5534]]
flechas: 0
changed
flechas: 3
flechas: 2
