Godot Engine v3.4.2.stable.official.45eaa2daf - https://godotengine.org
OpenGL ES 3.0 Renderer: NVIDIA GeForce GTX 1050/PCIe/SSE2
OpenGL ES Batching: ON
 
my pos is(0, 0)
my pos is(0, 0)
my pos is(0, 0)
my pos is(0, 0)
started
send start
finished
send shoot
start shoot
11
hit called
1128.460236
1068.955048
794.531433
moving
end pos(0, -50)
started
send start
finished
send shoot
start shoot
42
started
send start
finished
send shoot
start shoot
55
hit called
2364.328308
2304.823181
1752.637573
moving
end pos(0, -50)
started
send start
finished
send shoot
start shoot
44
hit called
4617.188477
4557.68335
3412.264404
moving
end pos(0, -50)
started
send start
finished
send shoot
start shoot
52
started
send start
finished
send shoot
start shoot
52
hit called
6263.428101
6203.922729
4675.092773
moving
end pos(0, -50)
started
send start
finished
send shoot
start shoot
16
hit called
started
send start
finished
send shoot
start shoot
32
hit called
started
send start
finished
send shoot
start shoot
40
hit called
started
send start
finished
send shoot
start shoot
52
hit called
started
send start
finished
send shoot
start shoot
48
hit called
started
send start
finished
send shoot
start shoot
28
hit called
I've been hit
(-900, -900)
I've been hit
(900, -900)
started
send start
finished
send shoot
start shoot
54
hit called
I've been hit
(900, -900)
I've been hit
(900, -900)
I've been hit
(-900, -900)
I've been hit
(-900, -900)
I've been hit
(-900, -900)
I've been hit
(900, -900)
started
send start
finished
send shoot
start shoot
19
hit called
started
send start
finished
send shoot
start shoot
8
hit called
started
send start
finished
send shoot
start shoot
1
hit called
started
send start
finished
send shoot
start shoot
0
hit called
started
send start
finished
send shoot
start shoot
0
hit called
I've been hit
(900, -900)
started
send start
finished
send shoot
start shoot
0
hit called
started
send start
finished
send shoot
start shoot
0
hit called
started
send start
finished
send shoot
start shoot
33
hit called
started
send start
finished
send shoot
start shoot
17
hit called
started
send start
finished
send shoot
start shoot
13
hit called
started
send start
finished
send shoot
start shoot
14
hit called
started
send start
finished
send shoot
start shoot
32
hit called
started
send start
finished
send shoot
start shoot
28
hit called
started
send start
finished
send shoot
start shoot
26
hit called
started
send start
finished
send shoot
start shoot
19
hit called
started
send start
finished
send shoot
start shoot
42
hit called
started
send start
finished
send shoot
start shoot
44
hit called
started
send start
finished
send shoot
start shoot
58
started
send start
finished
send shoot
start shoot
48
hit called
started
send start
finished
send shoot
start shoot
50
hit called
